Flow report for contador_de_programa
Thu May 19 13:33:51 2016
Quartus II 32-bit Version 13.1.0 Build 162 10/23/2013 SJ Full Version


---------------------
; Table of Contents ;
---------------------
  1. Legal Notice
  2. Flow Summary
  3. Flow Settings
  4. Flow Non-Default Global Settings
  5. Flow Elapsed Time
  6. Flow OS Summary
  7. Flow Log
  8. Flow Messages
  9. Flow Suppressed Messages



----------------
; Legal Notice ;
----------------
Copyright (C) 1991-2013 Altera Corporation
Your use of Altera Corporation's design tools, logic functions 
and other software and tools, and its AMPP partner logic 
functions, and any output files from any of the foregoing 
(including device programming or simulation files), and any 
associated documentation or information are expressly subject 
to the terms and conditions of the Altera Program License 
Subscription Agreement, Altera MegaCore Function License 
Agreement, or other applicable license agreement, including, 
without limitation, that your use is for the sole purpose of 
programming logic devices manufactured by Altera and sold by 
Altera or its authorized distributors.  Please refer to the 
applicable agreement for further details.



+----------------------------------------------------------------------------------+
; Flow Summary                                                                     ;
+------------------------------------+---------------------------------------------+
; Flow Status                        ; Successful - Thu May 19 13:33:51 2016       ;
; Quartus II 32-bit Version          ; 13.1.0 Build 162 10/23/2013 SJ Full Version ;
; Revision Name                      ; contador_de_programa                        ;
; Top-level Entity Name              ; contador_de_programa                        ;
; Family                             ; Cyclone IV E                                ;
; Total logic elements               ; 27 / 6,272 ( < 1 % )                        ;
;     Total combinational functions  ; 27 / 6,272 ( < 1 % )                        ;
;     Dedicated logic registers      ; 26 / 6,272 ( < 1 % )                        ;
; Total registers                    ; 26                                          ;
; Total pins                         ; 55 / 92 ( 60 % )                            ;
; Total virtual pins                 ; 0                                           ;
; Total memory bits                  ; 0 / 276,480 ( 0 % )                         ;
; Embedded Multiplier 9-bit elements ; 0 / 30 ( 0 % )                              ;
; Total PLLs                         ; 0 / 2 ( 0 % )                               ;
; Device                             ; EP4CE6E22C6                                 ;
; Timing Models                      ; Final                                       ;
+------------------------------------+---------------------------------------------+


+------------------------------------------+
; Flow Settings                            ;
+-------------------+----------------------+
; Option            ; Setting              ;
+-------------------+----------------------+
; Start date & time ; 05/19/2016 13:33:31  ;
; Main task         ; Compilation          ;
; Revision Name     ; contador_de_programa ;
+-------------------+----------------------+


+-------------------------------------------------------------------------------------------------------------------------------------------------------------+
; Flow Non-Default Global Settings                                                                                                                            ;
+-------------------------------------+------------------------------------------------------------------------+---------------+-------------+----------------+
; Assignment Name                     ; Value                                                                  ; Default Value ; Entity Name ; Section Id     ;
+-------------------------------------+------------------------------------------------------------------------+---------------+-------------+----------------+
; COMPILER_SIGNATURE_ID               ; 132129497243458.146367561114999                                        ; --            ; --          ; --             ;
; EDA_GENERATE_FUNCTIONAL_NETLIST     ; On                                                                     ; --            ; --          ; eda_simulation ;
; EDA_NETLIST_WRITER_OUTPUT_DIR       ; C:/Users/PC/Desktop/LAB_AOC/pc_2/contador_de_programa/simulation/qsim/ ; --            ; --          ; eda_simulation ;
; EDA_OUTPUT_DATA_FORMAT              ; Verilog Hdl                                                            ; --            ; --          ; eda_simulation ;
; EDA_SIMULATION_TOOL                 ; ModelSim-Altera (Verilog)                                              ; <None>        ; --          ; --             ;
; PARTITION_COLOR                     ; 16764057                                                               ; --            ; --          ; Top            ;
; PARTITION_FITTER_PRESERVATION_LEVEL ; PLACEMENT_AND_ROUTING                                                  ; --            ; --          ; Top            ;
; PARTITION_NETLIST_TYPE              ; SOURCE                                                                 ; --            ; --          ; Top            ;
; PROJECT_OUTPUT_DIRECTORY            ; output_files                                                           ; --            ; --          ; --             ;
+-------------------------------------+------------------------------------------------------------------------+---------------+-------------+----------------+


+-------------------------------------------------------------------------------------------------------------------------------+
; Flow Elapsed Time                                                                                                             ;
+---------------------------+--------------+-------------------------+---------------------+------------------------------------+
; Module Name               ; Elapsed Time ; Average Processors Used ; Peak Virtual Memory ; Total CPU Time (on all processors) ;
+---------------------------+--------------+-------------------------+---------------------+------------------------------------+
; Analysis & Synthesis      ; 00:00:01     ; 1.0                     ; 411 MB              ; 00:00:01                           ;
; Fitter                    ; 00:00:06     ; 1.0                     ; 659 MB              ; 00:00:06                           ;
; Assembler                 ; 00:00:01     ; 1.0                     ; 368 MB              ; 00:00:01                           ;
; TimeQuest Timing Analyzer ; 00:00:02     ; 1.0                     ; 469 MB              ; 00:00:02                           ;
; EDA Netlist Writer        ; 00:00:00     ; 1.0                     ; 339 MB              ; 00:00:00                           ;
; Total                     ; 00:00:10     ; --                      ; --                  ; 00:00:10                           ;
+---------------------------+--------------+-------------------------+---------------------+------------------------------------+


+---------------------------------------------------------------------------------------------+
; Flow OS Summary                                                                             ;
+---------------------------+------------------+----------------+------------+----------------+
; Module Name               ; Machine Hostname ; OS Name        ; OS Version ; Processor type ;
+---------------------------+------------------+----------------+------------+----------------+
; Analysis & Synthesis      ; D159663          ; Ubuntu 14.04.2 ; 14         ; x86_64         ;
; Fitter                    ; D159663          ; Ubuntu 14.04.2 ; 14         ; x86_64         ;
; Assembler                 ; D159663          ; Ubuntu 14.04.2 ; 14         ; x86_64         ;
; TimeQuest Timing Analyzer ; D159663          ; Ubuntu 14.04.2 ; 14         ; x86_64         ;
; EDA Netlist Writer        ; D159663          ; Ubuntu 14.04.2 ; 14         ; x86_64         ;
+---------------------------+------------------+----------------+------------+----------------+


------------
; Flow Log ;
------------
quartus_map --read_settings_files=on --write_settings_files=off contador_de_programa -c contador_de_programa
quartus_fit --read_settings_files=off --write_settings_files=off contador_de_programa -c contador_de_programa
quartus_asm --read_settings_files=off --write_settings_files=off contador_de_programa -c contador_de_programa
quartus_sta contador_de_programa -c contador_de_programa
quartus_eda --read_settings_files=off --write_settings_files=off contador_de_programa -c contador_de_programa



