Analysis & Synthesis report for iZero
Sun Sep 17 17:35:13 2017
Quartus II 64-Bit Version 15.0.2 Build 153 07/15/2015 SJ Web Edition


---------------------
; Table of Contents ;
---------------------
  1. Legal Notice
  2. Analysis & Synthesis Summary
  3. Analysis & Synthesis Settings
  4. Parallel Compilation
  5. Analysis & Synthesis Source Files Read
  6. Analysis & Synthesis Resource Usage Summary
  7. Analysis & Synthesis Resource Utilization by Entity
  8. Analysis & Synthesis DSP Block Usage Summary
  9. Registers Removed During Synthesis
 10. General Register Statistics
 11. Multiplexer Restructuring Statistics (Restructuring Performed)
 12. Parameter Settings for User Entity Instance: memoria_de_dados:inst29
 13. Parameter Settings for User Entity Instance: memoria_de_instrucoes:inst
 14. Parameter Settings for Inferred Entity Instance: unidade_logica_aritmetica:inst6|lpm_divide:Div0
 15. Parameter Settings for Inferred Entity Instance: unidade_logica_aritmetica:inst6|lpm_mult:Mult0
 16. Parameter Settings for Inferred Entity Instance: unidade_logica_aritmetica:inst6|lpm_divide:Mod0
 17. lpm_mult Parameter Settings by Entity Instance
 18. Post-Synthesis Netlist Statistics for Top Partition
 19. Elapsed Time Per Partition
 20. Analysis & Synthesis Messages



----------------
; Legal Notice ;
----------------
Copyright (C) 1991-2015 Altera Corporation. All rights reserved.
Your use of Altera Corporation's design tools, logic functions 
and other software and tools, and its AMPP partner logic 
functions, and any output files from any of the foregoing 
(including device programming or simulation files), and any 
associated documentation or information are expressly subject 
to the terms and conditions of the Altera Program License 
Subscription Agreement, the Altera Quartus II License Agreement,
the Altera MegaCore Function License Agreement, or other 
applicable license agreement, including, without limitation, 
that your use is for the sole purpose of programming logic 
devices manufactured by Altera and sold by Altera or its 
authorized distributors.  Please refer to the applicable 
agreement for further details.



+---------------------------------------------------------------------------------+
; Analysis & Synthesis Summary                                                    ;
+------------------------------------+--------------------------------------------+
; Analysis & Synthesis Status        ; Successful - Sun Sep 17 17:35:13 2017      ;
; Quartus II 64-Bit Version          ; 15.0.2 Build 153 07/15/2015 SJ Web Edition ;
; Revision Name                      ; iZero                                      ;
; Top-level Entity Name              ; iZero                                      ;
; Family                             ; Cyclone IV E                               ;
; Total logic elements               ; 14,472                                     ;
;     Total combinational functions  ; 8,706                                      ;
;     Dedicated logic registers      ; 5,899                                      ;
; Total registers                    ; 5899                                       ;
; Total pins                         ; 78                                         ;
; Total virtual pins                 ; 0                                          ;
; Total memory bits                  ; 0                                          ;
; Embedded Multiplier 9-bit elements ; 6                                          ;
; Total PLLs                         ; 0                                          ;
+------------------------------------+--------------------------------------------+


+-----------------------------------------------------------------------------------------------------------------+
; Analysis & Synthesis Settings                                                                                   ;
+----------------------------------------------------------------------------+---------------+--------------------+
; Option                                                                     ; Setting       ; Default Value      ;
+----------------------------------------------------------------------------+---------------+--------------------+
; Device                                                                     ; EP4CE115F29C7 ;                    ;
; Top-level entity name                                                      ; iZero         ; iZero              ;
; Family name                                                                ; Cyclone IV E  ; Cyclone V          ;
; Use smart compilation                                                      ; On            ; Off                ;
; Preserve fewer node names                                                  ; Off           ; On                 ;
; Timing-Driven Synthesis                                                    ; Off           ; On                 ;
; PowerPlay Power Optimization During Synthesis                              ; Extra effort  ; Normal compilation ;
; Enable parallel Assembler and TimeQuest Timing Analyzer during compilation ; On            ; On                 ;
; Enable compact report table                                                ; Off           ; Off                ;
; Restructure Multiplexers                                                   ; Auto          ; Auto               ;
; Create Debugging Nodes for IP Cores                                        ; Off           ; Off                ;
; Disable OpenCore Plus hardware evaluation                                  ; Off           ; Off                ;
; Verilog Version                                                            ; Verilog_2001  ; Verilog_2001       ;
; VHDL Version                                                               ; VHDL_1993     ; VHDL_1993          ;
; State Machine Processing                                                   ; Auto          ; Auto               ;
; Safe State Machine                                                         ; Off           ; Off                ;
; Extract Verilog State Machines                                             ; On            ; On                 ;
; Extract VHDL State Machines                                                ; On            ; On                 ;
; Ignore Verilog initial constructs                                          ; Off           ; Off                ;
; Iteration limit for constant Verilog loops                                 ; 5000          ; 5000               ;
; Iteration limit for non-constant Verilog loops                             ; 250           ; 250                ;
; Add Pass-Through Logic to Inferred RAMs                                    ; On            ; On                 ;
; Infer RAMs from Raw Logic                                                  ; On            ; On                 ;
; Parallel Synthesis                                                         ; On            ; On                 ;
; DSP Block Balancing                                                        ; Auto          ; Auto               ;
; NOT Gate Push-Back                                                         ; On            ; On                 ;
; Power-Up Don't Care                                                        ; On            ; On                 ;
; Remove Redundant Logic Cells                                               ; Off           ; Off                ;
; Remove Duplicate Registers                                                 ; On            ; On                 ;
; Ignore CARRY Buffers                                                       ; Off           ; Off                ;
; Ignore CASCADE Buffers                                                     ; Off           ; Off                ;
; Ignore GLOBAL Buffers                                                      ; Off           ; Off                ;
; Ignore ROW GLOBAL Buffers                                                  ; Off           ; Off                ;
; Ignore LCELL Buffers                                                       ; Off           ; Off                ;
; Ignore SOFT Buffers                                                        ; On            ; On                 ;
; Limit AHDL Integers to 32 Bits                                             ; Off           ; Off                ;
; Optimization Technique                                                     ; Balanced      ; Balanced           ;
; Carry Chain Length                                                         ; 70            ; 70                 ;
; Auto Carry Chains                                                          ; On            ; On                 ;
; Auto Open-Drain Pins                                                       ; On            ; On                 ;
; Perform WYSIWYG Primitive Resynthesis                                      ; Off           ; Off                ;
; Auto ROM Replacement                                                       ; On            ; On                 ;
; Auto RAM Replacement                                                       ; On            ; On                 ;
; Auto DSP Block Replacement                                                 ; On            ; On                 ;
; Auto Shift Register Replacement                                            ; Auto          ; Auto               ;
; Allow Shift Register Merging across Hierarchies                            ; Auto          ; Auto               ;
; Auto Clock Enable Replacement                                              ; On            ; On                 ;
; Strict RAM Replacement                                                     ; Off           ; Off                ;
; Allow Synchronous Control Signals                                          ; On            ; On                 ;
; Force Use of Synchronous Clear Signals                                     ; Off           ; Off                ;
; Auto RAM Block Balancing                                                   ; On            ; On                 ;
; Auto RAM to Logic Cell Conversion                                          ; Off           ; Off                ;
; Auto Resource Sharing                                                      ; Off           ; Off                ;
; Allow Any RAM Size For Recognition                                         ; Off           ; Off                ;
; Allow Any ROM Size For Recognition                                         ; Off           ; Off                ;
; Allow Any Shift Register Size For Recognition                              ; Off           ; Off                ;
; Use LogicLock Constraints during Resource Balancing                        ; On            ; On                 ;
; Ignore translate_off and synthesis_off directives                          ; Off           ; Off                ;
; Report Parameter Settings                                                  ; On            ; On                 ;
; Report Source Assignments                                                  ; On            ; On                 ;
; Report Connectivity Checks                                                 ; On            ; On                 ;
; Ignore Maximum Fan-Out Assignments                                         ; Off           ; Off                ;
; Synchronization Register Chain Length                                      ; 2             ; 2                  ;
; HDL message level                                                          ; Level2        ; Level2             ;
; Suppress Register Optimization Related Messages                            ; Off           ; Off                ;
; Number of Removed Registers Reported in Synthesis Report                   ; 5000          ; 5000               ;
; Number of Swept Nodes Reported in Synthesis Report                         ; 5000          ; 5000               ;
; Number of Inverted Registers Reported in Synthesis Report                  ; 100           ; 100                ;
; Clock MUX Protection                                                       ; On            ; On                 ;
; Auto Gated Clock Conversion                                                ; Off           ; Off                ;
; Block Design Naming                                                        ; Auto          ; Auto               ;
; SDC constraint protection                                                  ; Off           ; Off                ;
; Synthesis Effort                                                           ; Auto          ; Auto               ;
; Shift Register Replacement - Allow Asynchronous Clear Signal               ; On            ; On                 ;
; Pre-Mapping Resynthesis Optimization                                       ; Off           ; Off                ;
; Analysis & Synthesis Message Level                                         ; Medium        ; Medium             ;
; Disable Register Merging Across Hierarchies                                ; Auto          ; Auto               ;
; Resource Aware Inference For Block RAM                                     ; On            ; On                 ;
; Synthesis Seed                                                             ; 1             ; 1                  ;
+----------------------------------------------------------------------------+---------------+--------------------+


Parallel compilation was disabled, but you have multiple processors available. Enable parallel compilation to reduce compilation time.
+-------------------------------------+
; Parallel Compilation                ;
+----------------------------+--------+
; Processors                 ; Number ;
+----------------------------+--------+
; Number detected on machine ; 4      ;
; Maximum allowed            ; 1      ;
+----------------------------+--------+


+--------------------------------------------------------------------------------------------------------------------------------------------------------------------------------------------------------------------------------------------------+
; Analysis & Synthesis Source Files Read                                                                                                                                                                                                           ;
+--------------------------------------------------------------------------+-----------------+------------------------------------+------------------------------------------------------------------------------------------------------+---------+
; File Name with User-Entered Path                                         ; Used in Netlist ; File Type                          ; File Name with Absolute Path                                                                         ; Library ;
+--------------------------------------------------------------------------+-----------------+------------------------------------+------------------------------------------------------------------------------------------------------+---------+
; ../componentes_CPU/temporizador.v                                        ; yes             ; User Verilog HDL File              ; /home/diego/i_zero_final/iZero/componentes_CPU/temporizador.v                                        ;         ;
; ../componentes_CPU/display_quadruplo/display_quadruplo.v                 ; yes             ; User Verilog HDL File              ; /home/diego/i_zero_final/iZero/componentes_CPU/display_quadruplo/display_quadruplo.v                 ;         ;
; ../componentes_CPU/display_duplo/display_duplo.v                         ; yes             ; User Verilog HDL File              ; /home/diego/i_zero_final/iZero/componentes_CPU/display_duplo/display_duplo.v                         ;         ;
; ../componentes_CPU/unidade_logica_aritmetica/unidade_logica_aritmetica.v ; yes             ; User Verilog HDL File              ; /home/diego/i_zero_final/iZero/componentes_CPU/unidade_logica_aritmetica/unidade_logica_aritmetica.v ;         ;
; ../componentes_CPU/unidade_de_controle/unidade_de_controle.v             ; yes             ; User Verilog HDL File              ; /home/diego/i_zero_final/iZero/componentes_CPU/unidade_de_controle/unidade_de_controle.v             ;         ;
; ../componentes_CPU/somador_pc/somador_pc.v                               ; yes             ; User Verilog HDL File              ; /home/diego/i_zero_final/iZero/componentes_CPU/somador_pc/somador_pc.v                               ;         ;
; ../componentes_CPU/saida_de_dados/saida_de_dados.v                       ; yes             ; User Verilog HDL File              ; /home/diego/i_zero_final/iZero/componentes_CPU/saida_de_dados/saida_de_dados.v                       ;         ;
; ../componentes_CPU/multiplexador_ula/multiplexador_ula.v                 ; yes             ; User Verilog HDL File              ; /home/diego/i_zero_final/iZero/componentes_CPU/multiplexador_ula/multiplexador_ula.v                 ;         ;
; ../componentes_CPU/multiplexador_escrita_br/multiplexador_escrita_br.v   ; yes             ; User Verilog HDL File              ; /home/diego/i_zero_final/iZero/componentes_CPU/multiplexador_escrita_br/multiplexador_escrita_br.v   ;         ;
; ../componentes_CPU/multiplexador_br/multiplexador_br.v                   ; yes             ; User Verilog HDL File              ; /home/diego/i_zero_final/iZero/componentes_CPU/multiplexador_br/multiplexador_br.v                   ;         ;
; ../componentes_CPU/memoria_de_instrucoes/memoria_de_instrucoes.v         ; yes             ; User Verilog HDL File              ; /home/diego/i_zero_final/iZero/componentes_CPU/memoria_de_instrucoes/memoria_de_instrucoes.v         ;         ;
; ../componentes_CPU/memoria_de_dados/memoria_de_dados.v                   ; yes             ; User Verilog HDL File              ; /home/diego/i_zero_final/iZero/componentes_CPU/memoria_de_dados/memoria_de_dados.v                   ;         ;
; ../componentes_CPU/extensor_de_bit/extensor_de_bit.v                     ; yes             ; User Verilog HDL File              ; /home/diego/i_zero_final/iZero/componentes_CPU/extensor_de_bit/extensor_de_bit.v                     ;         ;
; ../componentes_CPU/entrada_de_dados/entrada_de_dados.v                   ; yes             ; User Verilog HDL File              ; /home/diego/i_zero_final/iZero/componentes_CPU/entrada_de_dados/entrada_de_dados.v                   ;         ;
; ../componentes_CPU/contador_de_programa/contador_de_programa.v           ; yes             ; User Verilog HDL File              ; /home/diego/i_zero_final/iZero/componentes_CPU/contador_de_programa/contador_de_programa.v           ;         ;
; ../componentes_CPU/BCD_quatro_digitos/BCD_quatro_digitos.v               ; yes             ; User Verilog HDL File              ; /home/diego/i_zero_final/iZero/componentes_CPU/BCD_quatro_digitos/BCD_quatro_digitos.v               ;         ;
; ../componentes_CPU/BCD_dois_digitos/BCD_dois_digitos.v                   ; yes             ; User Verilog HDL File              ; /home/diego/i_zero_final/iZero/componentes_CPU/BCD_dois_digitos/BCD_dois_digitos.v                   ;         ;
; ../componentes_CPU/banco_de_registradores/banco_de_registradores.v       ; yes             ; User Verilog HDL File              ; /home/diego/i_zero_final/iZero/componentes_CPU/banco_de_registradores/banco_de_registradores.v       ;         ;
; iZero.bdf                                                                ; yes             ; User Block Diagram/Schematic File  ; /home/diego/i_zero_final/iZero/iZero/iZero.bdf                                                       ;         ;
; ../componentes_CPU/multiplexador_jal/multiplexador_jal.v                 ; yes             ; User Verilog HDL File              ; /home/diego/i_zero_final/iZero/componentes_CPU/multiplexador_jal/multiplexador_jal.v                 ;         ;
; ../componentes_CPU/somador_interruptor/somador_interruptor.v             ; yes             ; User Verilog HDL File              ; /home/diego/i_zero_final/iZero/componentes_CPU/somador_interruptor/somador_interruptor.v             ;         ;
; lpm_divide.tdf                                                           ; yes             ; Megafunction                       ; /home/diego/altera/15.0/quartus/libraries/megafunctions/lpm_divide.tdf                               ;         ;
; abs_divider.inc                                                          ; yes             ; Megafunction                       ; /home/diego/altera/15.0/quartus/libraries/megafunctions/abs_divider.inc                              ;         ;
; sign_div_unsign.inc                                                      ; yes             ; Megafunction                       ; /home/diego/altera/15.0/quartus/libraries/megafunctions/sign_div_unsign.inc                          ;         ;
; aglobal150.inc                                                           ; yes             ; Megafunction                       ; /home/diego/altera/15.0/quartus/libraries/megafunctions/aglobal150.inc                               ;         ;
; db/lpm_divide_hkm.tdf                                                    ; yes             ; Auto-Generated Megafunction        ; /home/diego/i_zero_final/iZero/iZero/db/lpm_divide_hkm.tdf                                           ;         ;
; db/sign_div_unsign_9nh.tdf                                               ; yes             ; Auto-Generated Megafunction        ; /home/diego/i_zero_final/iZero/iZero/db/sign_div_unsign_9nh.tdf                                      ;         ;
; db/alt_u_div_6af.tdf                                                     ; yes             ; Auto-Generated Megafunction        ; /home/diego/i_zero_final/iZero/iZero/db/alt_u_div_6af.tdf                                            ;         ;
; db/add_sub_7pc.tdf                                                       ; yes             ; Auto-Generated Megafunction        ; /home/diego/i_zero_final/iZero/iZero/db/add_sub_7pc.tdf                                              ;         ;
; db/add_sub_8pc.tdf                                                       ; yes             ; Auto-Generated Megafunction        ; /home/diego/i_zero_final/iZero/iZero/db/add_sub_8pc.tdf                                              ;         ;
; lpm_mult.tdf                                                             ; yes             ; Megafunction                       ; /home/diego/altera/15.0/quartus/libraries/megafunctions/lpm_mult.tdf                                 ;         ;
; lpm_add_sub.inc                                                          ; yes             ; Megafunction                       ; /home/diego/altera/15.0/quartus/libraries/megafunctions/lpm_add_sub.inc                              ;         ;
; multcore.inc                                                             ; yes             ; Megafunction                       ; /home/diego/altera/15.0/quartus/libraries/megafunctions/multcore.inc                                 ;         ;
; bypassff.inc                                                             ; yes             ; Megafunction                       ; /home/diego/altera/15.0/quartus/libraries/megafunctions/bypassff.inc                                 ;         ;
; altshift.inc                                                             ; yes             ; Megafunction                       ; /home/diego/altera/15.0/quartus/libraries/megafunctions/altshift.inc                                 ;         ;
; db/mult_7dt.tdf                                                          ; yes             ; Auto-Generated Megafunction        ; /home/diego/i_zero_final/iZero/iZero/db/mult_7dt.tdf                                                 ;         ;
; db/lpm_divide_kcm.tdf                                                    ; yes             ; Auto-Generated Megafunction        ; /home/diego/i_zero_final/iZero/iZero/db/lpm_divide_kcm.tdf                                           ;         ;
+--------------------------------------------------------------------------+-----------------+------------------------------------+------------------------------------------------------------------------------------------------------+---------+


+-------------------------------------------------------------------------------+
; Analysis & Synthesis Resource Usage Summary                                   ;
+---------------------------------------------+---------------------------------+
; Resource                                    ; Usage                           ;
+---------------------------------------------+---------------------------------+
; Estimated Total logic elements              ; 14,472                          ;
;                                             ;                                 ;
; Total combinational functions               ; 8706                            ;
; Logic element usage by number of LUT inputs ;                                 ;
;     -- 4 input functions                    ; 6703                            ;
;     -- 3 input functions                    ; 1794                            ;
;     -- <=2 input functions                  ; 209                             ;
;                                             ;                                 ;
; Logic elements by mode                      ;                                 ;
;     -- normal mode                          ; 7417                            ;
;     -- arithmetic mode                      ; 1289                            ;
;                                             ;                                 ;
; Total registers                             ; 5899                            ;
;     -- Dedicated logic registers            ; 5899                            ;
;     -- I/O registers                        ; 0                               ;
;                                             ;                                 ;
; I/O pins                                    ; 78                              ;
;                                             ;                                 ;
; Embedded Multiplier 9-bit elements          ; 6                               ;
;                                             ;                                 ;
; Maximum fan-out node                        ; temporizador:inst4|contador[15] ;
; Maximum fan-out                             ; 5884                            ;
; Total fan-out                               ; 50456                           ;
; Average fan-out                             ; 3.42                            ;
+---------------------------------------------+---------------------------------+


+-------------------------------------------------------------------------------------------------------------------------------------------------------------------------------------------------------------------------------------------------------------------------------------------------------------------------------------+
; Analysis & Synthesis Resource Utilization by Entity                                                                                                                                                                                                                                                                                 ;
+-------------------------------------------+-------------------+--------------+-------------+--------------+---------+-----------+------+--------------+--------------------------------------------------------------------------------------------------------------------------------------------------------------+--------------+
; Compilation Hierarchy Node                ; LC Combinationals ; LC Registers ; Memory Bits ; DSP Elements ; DSP 9x9 ; DSP 18x18 ; Pins ; Virtual Pins ; Full Hierarchy Name                                                                                                                                          ; Library Name ;
+-------------------------------------------+-------------------+--------------+-------------+--------------+---------+-----------+------+--------------+--------------------------------------------------------------------------------------------------------------------------------------------------------------+--------------+
; |iZero                                    ; 8706 (0)          ; 5899 (0)     ; 0           ; 6            ; 0       ; 3         ; 78   ; 0            ; |iZero                                                                                                                                                       ; work         ;
;    |BCD_dois_digitos:inst30|              ; 60 (60)           ; 0 (0)        ; 0           ; 0            ; 0       ; 0         ; 0    ; 0            ; |iZero|BCD_dois_digitos:inst30                                                                                                                               ; work         ;
;    |BCD_dois_digitos:inst31|              ; 60 (60)           ; 0 (0)        ; 0           ; 0            ; 0       ; 0         ; 0    ; 0            ; |iZero|BCD_dois_digitos:inst31                                                                                                                               ; work         ;
;    |BCD_quatro_digitos:inst32|            ; 301 (301)         ; 0 (0)        ; 0           ; 0            ; 0       ; 0         ; 0    ; 0            ; |iZero|BCD_quatro_digitos:inst32                                                                                                                             ; work         ;
;    |banco_de_registradores:inst9|         ; 1431 (1431)       ; 1024 (1024)  ; 0           ; 0            ; 0       ; 0         ; 0    ; 0            ; |iZero|banco_de_registradores:inst9                                                                                                                          ; work         ;
;    |contador_de_programa:inst16|          ; 55 (55)           ; 26 (26)      ; 0           ; 0            ; 0       ; 0         ; 0    ; 0            ; |iZero|contador_de_programa:inst16                                                                                                                           ; work         ;
;    |display_duplo:inst33|                 ; 14 (14)           ; 0 (0)        ; 0           ; 0            ; 0       ; 0         ; 0    ; 0            ; |iZero|display_duplo:inst33                                                                                                                                  ; work         ;
;    |display_duplo:inst34|                 ; 14 (14)           ; 0 (0)        ; 0           ; 0            ; 0       ; 0         ; 0    ; 0            ; |iZero|display_duplo:inst34                                                                                                                                  ; work         ;
;    |display_quadruplo:inst35|             ; 28 (28)           ; 0 (0)        ; 0           ; 0            ; 0       ; 0         ; 0    ; 0            ; |iZero|display_quadruplo:inst35                                                                                                                              ; work         ;
;    |entrada_de_dados:inst27|              ; 1 (1)             ; 0 (0)        ; 0           ; 0            ; 0       ; 0         ; 0    ; 0            ; |iZero|entrada_de_dados:inst27                                                                                                                               ; work         ;
;    |memoria_de_dados:inst29|              ; 3383 (3383)       ; 4800 (4800)  ; 0           ; 0            ; 0       ; 0         ; 0    ; 0            ; |iZero|memoria_de_dados:inst29                                                                                                                               ; work         ;
;    |memoria_de_instrucoes:inst|           ; 123 (123)         ; 0 (0)        ; 0           ; 0            ; 0       ; 0         ; 0    ; 0            ; |iZero|memoria_de_instrucoes:inst                                                                                                                            ; work         ;
;    |multiplexador_escrita_br:inst8|       ; 113 (113)         ; 0 (0)        ; 0           ; 0            ; 0       ; 0         ; 0    ; 0            ; |iZero|multiplexador_escrita_br:inst8                                                                                                                        ; work         ;
;    |multiplexador_jal:inst2|              ; 10 (10)           ; 0 (0)        ; 0           ; 0            ; 0       ; 0         ; 0    ; 0            ; |iZero|multiplexador_jal:inst2                                                                                                                               ; work         ;
;    |multiplexador_ula:inst7|              ; 32 (32)           ; 0 (0)        ; 0           ; 0            ; 0       ; 0         ; 0    ; 0            ; |iZero|multiplexador_ula:inst7                                                                                                                               ; work         ;
;    |saida_de_dados:inst5|                 ; 24 (24)           ; 33 (33)      ; 0           ; 0            ; 0       ; 0         ; 0    ; 0            ; |iZero|saida_de_dados:inst5                                                                                                                                  ; work         ;
;    |somador_interruptor:inst13|           ; 26 (26)           ; 0 (0)        ; 0           ; 0            ; 0       ; 0         ; 0    ; 0            ; |iZero|somador_interruptor:inst13                                                                                                                            ; work         ;
;    |somador_pc:inst10|                    ; 26 (26)           ; 0 (0)        ; 0           ; 0            ; 0       ; 0         ; 0    ; 0            ; |iZero|somador_pc:inst10                                                                                                                                     ; work         ;
;    |temporizador:inst4|                   ; 16 (16)           ; 16 (16)      ; 0           ; 0            ; 0       ; 0         ; 0    ; 0            ; |iZero|temporizador:inst4                                                                                                                                    ; work         ;
;    |unidade_de_controle:inst12|           ; 82 (82)           ; 0 (0)        ; 0           ; 0            ; 0       ; 0         ; 0    ; 0            ; |iZero|unidade_de_controle:inst12                                                                                                                            ; work         ;
;    |unidade_logica_aritmetica:inst6|      ; 2907 (717)        ; 0 (0)        ; 0           ; 6            ; 0       ; 3         ; 0    ; 0            ; |iZero|unidade_logica_aritmetica:inst6                                                                                                                       ; work         ;
;       |lpm_divide:Div0|                   ; 1073 (0)          ; 0 (0)        ; 0           ; 0            ; 0       ; 0         ; 0    ; 0            ; |iZero|unidade_logica_aritmetica:inst6|lpm_divide:Div0                                                                                                       ; work         ;
;          |lpm_divide_hkm:auto_generated|  ; 1073 (0)          ; 0 (0)        ; 0           ; 0            ; 0       ; 0         ; 0    ; 0            ; |iZero|unidade_logica_aritmetica:inst6|lpm_divide:Div0|lpm_divide_hkm:auto_generated                                                                         ; work         ;
;             |sign_div_unsign_9nh:divider| ; 1073 (0)          ; 0 (0)        ; 0           ; 0            ; 0       ; 0         ; 0    ; 0            ; |iZero|unidade_logica_aritmetica:inst6|lpm_divide:Div0|lpm_divide_hkm:auto_generated|sign_div_unsign_9nh:divider                                             ; work         ;
;                |alt_u_div_6af:divider|    ; 1073 (1073)       ; 0 (0)        ; 0           ; 0            ; 0       ; 0         ; 0    ; 0            ; |iZero|unidade_logica_aritmetica:inst6|lpm_divide:Div0|lpm_divide_hkm:auto_generated|sign_div_unsign_9nh:divider|alt_u_div_6af:divider                       ; work         ;
;       |lpm_divide:Mod0|                   ; 1089 (0)          ; 0 (0)        ; 0           ; 0            ; 0       ; 0         ; 0    ; 0            ; |iZero|unidade_logica_aritmetica:inst6|lpm_divide:Mod0                                                                                                       ; work         ;
;          |lpm_divide_kcm:auto_generated|  ; 1089 (0)          ; 0 (0)        ; 0           ; 0            ; 0       ; 0         ; 0    ; 0            ; |iZero|unidade_logica_aritmetica:inst6|lpm_divide:Mod0|lpm_divide_kcm:auto_generated                                                                         ; work         ;
;             |sign_div_unsign_9nh:divider| ; 1089 (0)          ; 0 (0)        ; 0           ; 0            ; 0       ; 0         ; 0    ; 0            ; |iZero|unidade_logica_aritmetica:inst6|lpm_divide:Mod0|lpm_divide_kcm:auto_generated|sign_div_unsign_9nh:divider                                             ; work         ;
;                |alt_u_div_6af:divider|    ; 1089 (1088)       ; 0 (0)        ; 0           ; 0            ; 0       ; 0         ; 0    ; 0            ; |iZero|unidade_logica_aritmetica:inst6|lpm_divide:Mod0|lpm_divide_kcm:auto_generated|sign_div_unsign_9nh:divider|alt_u_div_6af:divider                       ; work         ;
;                   |add_sub_8pc:add_sub_1| ; 1 (1)             ; 0 (0)        ; 0           ; 0            ; 0       ; 0         ; 0    ; 0            ; |iZero|unidade_logica_aritmetica:inst6|lpm_divide:Mod0|lpm_divide_kcm:auto_generated|sign_div_unsign_9nh:divider|alt_u_div_6af:divider|add_sub_8pc:add_sub_1 ; work         ;
;       |lpm_mult:Mult0|                    ; 28 (0)            ; 0 (0)        ; 0           ; 6            ; 0       ; 3         ; 0    ; 0            ; |iZero|unidade_logica_aritmetica:inst6|lpm_mult:Mult0                                                                                                        ; work         ;
;          |mult_7dt:auto_generated|        ; 28 (28)           ; 0 (0)        ; 0           ; 6            ; 0       ; 3         ; 0    ; 0            ; |iZero|unidade_logica_aritmetica:inst6|lpm_mult:Mult0|mult_7dt:auto_generated                                                                                ; work         ;
+-------------------------------------------+-------------------+--------------+-------------+--------------+---------+-----------+------+--------------+--------------------------------------------------------------------------------------------------------------------------------------------------------------+--------------+
Note: For table entries with two numbers listed, the numbers in parentheses indicate the number of resources of the given type used by the specific entity alone. The numbers listed outside of parentheses indicate the total resources of the given type used by the specific entity and all of its sub-entities in the hierarchy.


+-----------------------------------------------------+
; Analysis & Synthesis DSP Block Usage Summary        ;
+---------------------------------------+-------------+
; Statistic                             ; Number Used ;
+---------------------------------------+-------------+
; Simple Multipliers (9-bit)            ; 0           ;
; Simple Multipliers (18-bit)           ; 3           ;
; Embedded Multiplier Blocks            ; --          ;
; Embedded Multiplier 9-bit elements    ; 6           ;
; Signed Embedded Multipliers           ; 0           ;
; Unsigned Embedded Multipliers         ; 3           ;
; Mixed Sign Embedded Multipliers       ; 0           ;
; Variable Sign Embedded Multipliers    ; 0           ;
; Dedicated Input Shift Register Chains ; 0           ;
+---------------------------------------+-------------+
Note: number of Embedded Multiplier Blocks used is only available after a successful fit.


+-------------------------------------------------------------+
; Registers Removed During Synthesis                          ;
+----------------------------------------+--------------------+
; Register name                          ; Reason for Removal ;
+----------------------------------------+--------------------+
; saida_de_dados:inst5|saidas[0][8]      ; Lost fanout        ;
; saida_de_dados:inst5|saidas[0][9]      ; Lost fanout        ;
; saida_de_dados:inst5|saidas[0][10]     ; Lost fanout        ;
; saida_de_dados:inst5|saidas[0][11]     ; Lost fanout        ;
; saida_de_dados:inst5|saidas[0][12]     ; Lost fanout        ;
; saida_de_dados:inst5|saidas[0][13]     ; Lost fanout        ;
; saida_de_dados:inst5|saidas[0][14]     ; Lost fanout        ;
; saida_de_dados:inst5|saidas[0][15]     ; Lost fanout        ;
; saida_de_dados:inst5|saidas[0][16]     ; Lost fanout        ;
; saida_de_dados:inst5|saidas[0][17]     ; Lost fanout        ;
; saida_de_dados:inst5|saidas[0][18]     ; Lost fanout        ;
; saida_de_dados:inst5|saidas[0][19]     ; Lost fanout        ;
; saida_de_dados:inst5|saidas[0][20]     ; Lost fanout        ;
; saida_de_dados:inst5|saidas[0][21]     ; Lost fanout        ;
; saida_de_dados:inst5|saidas[0][22]     ; Lost fanout        ;
; saida_de_dados:inst5|saidas[0][23]     ; Lost fanout        ;
; saida_de_dados:inst5|saidas[0][24]     ; Lost fanout        ;
; saida_de_dados:inst5|saidas[0][25]     ; Lost fanout        ;
; saida_de_dados:inst5|saidas[0][26]     ; Lost fanout        ;
; saida_de_dados:inst5|saidas[0][27]     ; Lost fanout        ;
; saida_de_dados:inst5|saidas[0][28]     ; Lost fanout        ;
; saida_de_dados:inst5|saidas[0][29]     ; Lost fanout        ;
; saida_de_dados:inst5|saidas[0][30]     ; Lost fanout        ;
; saida_de_dados:inst5|saidas[0][31]     ; Lost fanout        ;
; saida_de_dados:inst5|saidas[1][8]      ; Lost fanout        ;
; saida_de_dados:inst5|saidas[1][9]      ; Lost fanout        ;
; saida_de_dados:inst5|saidas[1][10]     ; Lost fanout        ;
; saida_de_dados:inst5|saidas[1][11]     ; Lost fanout        ;
; saida_de_dados:inst5|saidas[1][12]     ; Lost fanout        ;
; saida_de_dados:inst5|saidas[1][13]     ; Lost fanout        ;
; saida_de_dados:inst5|saidas[1][14]     ; Lost fanout        ;
; saida_de_dados:inst5|saidas[1][15]     ; Lost fanout        ;
; saida_de_dados:inst5|saidas[1][16]     ; Lost fanout        ;
; saida_de_dados:inst5|saidas[1][17]     ; Lost fanout        ;
; saida_de_dados:inst5|saidas[1][18]     ; Lost fanout        ;
; saida_de_dados:inst5|saidas[1][19]     ; Lost fanout        ;
; saida_de_dados:inst5|saidas[1][20]     ; Lost fanout        ;
; saida_de_dados:inst5|saidas[1][21]     ; Lost fanout        ;
; saida_de_dados:inst5|saidas[1][22]     ; Lost fanout        ;
; saida_de_dados:inst5|saidas[1][23]     ; Lost fanout        ;
; saida_de_dados:inst5|saidas[1][24]     ; Lost fanout        ;
; saida_de_dados:inst5|saidas[1][25]     ; Lost fanout        ;
; saida_de_dados:inst5|saidas[1][26]     ; Lost fanout        ;
; saida_de_dados:inst5|saidas[1][27]     ; Lost fanout        ;
; saida_de_dados:inst5|saidas[1][28]     ; Lost fanout        ;
; saida_de_dados:inst5|saidas[1][29]     ; Lost fanout        ;
; saida_de_dados:inst5|saidas[1][30]     ; Lost fanout        ;
; saida_de_dados:inst5|saidas[1][31]     ; Lost fanout        ;
; saida_de_dados:inst5|saidas[2][16]     ; Lost fanout        ;
; saida_de_dados:inst5|saidas[2][17]     ; Lost fanout        ;
; saida_de_dados:inst5|saidas[2][18]     ; Lost fanout        ;
; saida_de_dados:inst5|saidas[2][19]     ; Lost fanout        ;
; saida_de_dados:inst5|saidas[2][20]     ; Lost fanout        ;
; saida_de_dados:inst5|saidas[2][21]     ; Lost fanout        ;
; saida_de_dados:inst5|saidas[2][22]     ; Lost fanout        ;
; saida_de_dados:inst5|saidas[2][23]     ; Lost fanout        ;
; saida_de_dados:inst5|saidas[2][24]     ; Lost fanout        ;
; saida_de_dados:inst5|saidas[2][25]     ; Lost fanout        ;
; saida_de_dados:inst5|saidas[2][26]     ; Lost fanout        ;
; saida_de_dados:inst5|saidas[2][27]     ; Lost fanout        ;
; saida_de_dados:inst5|saidas[2][28]     ; Lost fanout        ;
; saida_de_dados:inst5|saidas[2][29]     ; Lost fanout        ;
; saida_de_dados:inst5|saidas[2][30]     ; Lost fanout        ;
; Total Number of Removed Registers = 63 ;                    ;
+----------------------------------------+--------------------+


+------------------------------------------------------+
; General Register Statistics                          ;
+----------------------------------------------+-------+
; Statistic                                    ; Value ;
+----------------------------------------------+-------+
; Total registers                              ; 5899  ;
; Number of registers using Synchronous Clear  ; 59    ;
; Number of registers using Synchronous Load   ; 5     ;
; Number of registers using Asynchronous Clear ; 0     ;
; Number of registers using Asynchronous Load  ; 0     ;
; Number of registers using Clock Enable       ; 5857  ;
; Number of registers using Preset             ; 0     ;
+----------------------------------------------+-------+


+---------------------------------------------------------------------------------------------------------------------------------------------------------------+
; Multiplexer Restructuring Statistics (Restructuring Performed)                                                                                                ;
+--------------------+-----------+---------------+----------------------+------------------------+------------+-------------------------------------------------+
; Multiplexer Inputs ; Bus Width ; Baseline Area ; Area if Restructured ; Saving if Restructured ; Registered ; Example Multiplexer Output                      ;
+--------------------+-----------+---------------+----------------------+------------------------+------------+-------------------------------------------------+
; 4:1                ; 17 bits   ; 34 LEs        ; 0 LEs                ; 34 LEs                 ; Yes        ; |iZero|saida_de_dados:inst5|saidas[2][9]        ;
; 4:1                ; 8 bits    ; 16 LEs        ; 0 LEs                ; 16 LEs                 ; Yes        ; |iZero|saida_de_dados:inst5|saidas[1][0]        ;
; 4:1                ; 8 bits    ; 16 LEs        ; 0 LEs                ; 16 LEs                 ; Yes        ; |iZero|saida_de_dados:inst5|saidas[0][3]        ;
; 5:1                ; 26 bits   ; 78 LEs        ; 52 LEs               ; 26 LEs                 ; Yes        ; |iZero|contador_de_programa:inst16|pcAtual[16]  ;
; 4:1                ; 32 bits   ; 64 LEs        ; 32 LEs               ; 32 LEs                 ; Yes        ; |iZero|banco_de_registradores:inst9|regs[30][6] ;
; 3:1                ; 5 bits    ; 10 LEs        ; 10 LEs               ; 0 LEs                  ; No         ; |iZero|multiplexador_escrita_br:inst8|Mux4      ;
; 3:1                ; 5 bits    ; 10 LEs        ; 10 LEs               ; 0 LEs                  ; No         ; |iZero|multiplexador_jal:inst2|out[0]           ;
; 5:1                ; 7 bits    ; 21 LEs        ; 14 LEs               ; 7 LEs                  ; No         ; |iZero|multiplexador_escrita_br:inst8|Mux31     ;
; 4:1                ; 20 bits   ; 40 LEs        ; 40 LEs               ; 0 LEs                  ; No         ; |iZero|multiplexador_escrita_br:inst8|Mux7      ;
; 4:1                ; 2 bits    ; 4 LEs         ; 4 LEs                ; 0 LEs                  ; No         ; |iZero|BCD_dois_digitos:inst30|dezena[2]        ;
; 4:1                ; 4 bits    ; 8 LEs         ; 8 LEs                ; 0 LEs                  ; No         ; |iZero|BCD_dois_digitos:inst30|unidade[3]       ;
; 4:1                ; 2 bits    ; 4 LEs         ; 4 LEs                ; 0 LEs                  ; No         ; |iZero|BCD_dois_digitos:inst31|dezena[2]        ;
; 4:1                ; 4 bits    ; 8 LEs         ; 8 LEs                ; 0 LEs                  ; No         ; |iZero|BCD_dois_digitos:inst31|unidade[1]       ;
; 4:1                ; 3 bits    ; 6 LEs         ; 6 LEs                ; 0 LEs                  ; No         ; |iZero|BCD_quatro_digitos:inst32|milhar[0]      ;
; 4:1                ; 3 bits    ; 6 LEs         ; 6 LEs                ; 0 LEs                  ; No         ; |iZero|BCD_quatro_digitos:inst32|centena[0]     ;
; 4:1                ; 4 bits    ; 8 LEs         ; 8 LEs                ; 0 LEs                  ; No         ; |iZero|BCD_quatro_digitos:inst32|dezena[0]      ;
; 4:1                ; 2 bits    ; 4 LEs         ; 4 LEs                ; 0 LEs                  ; No         ; |iZero|BCD_quatro_digitos:inst32|milhar[3]      ;
; 32:1               ; 32 bits   ; 672 LEs       ; 672 LEs              ; 0 LEs                  ; No         ; |iZero|banco_de_registradores:inst9|Mux63       ;
; 32:1               ; 32 bits   ; 672 LEs       ; 672 LEs              ; 0 LEs                  ; No         ; |iZero|banco_de_registradores:inst9|Mux15       ;
; 27:1               ; 8 bits    ; 144 LEs       ; 88 LEs               ; 56 LEs                 ; No         ; |iZero|unidade_logica_aritmetica:inst6|Mux11    ;
; 27:1               ; 8 bits    ; 144 LEs       ; 88 LEs               ; 56 LEs                 ; No         ; |iZero|unidade_logica_aritmetica:inst6|Mux17    ;
; 28:1               ; 4 bits    ; 72 LEs        ; 48 LEs               ; 24 LEs                 ; No         ; |iZero|unidade_logica_aritmetica:inst6|Mux4     ;
; 28:1               ; 4 bits    ; 72 LEs        ; 48 LEs               ; 24 LEs                 ; No         ; |iZero|unidade_logica_aritmetica:inst6|Mux24    ;
; 29:1               ; 2 bits    ; 38 LEs        ; 22 LEs               ; 16 LEs                 ; No         ; |iZero|unidade_logica_aritmetica:inst6|Mux3     ;
; 29:1               ; 2 bits    ; 38 LEs        ; 22 LEs               ; 16 LEs                 ; No         ; |iZero|unidade_logica_aritmetica:inst6|Mux28    ;
; 30:1               ; 2 bits    ; 40 LEs        ; 22 LEs               ; 18 LEs                 ; No         ; |iZero|unidade_logica_aritmetica:inst6|Mux1     ;
; 1:1                ; 32 bits   ; 0 LEs         ; 0 LEs                ; 0 LEs                  ; No         ; |iZero|unidade_logica_aritmetica:inst6|Add0     ;
+--------------------+-----------+---------------+----------------------+------------------------+------------+-------------------------------------------------+


+----------------------------------------------------------------------+
; Parameter Settings for User Entity Instance: memoria_de_dados:inst29 ;
+----------------+-------+---------------------------------------------+
; Parameter Name ; Value ; Type                                        ;
+----------------+-------+---------------------------------------------+
; MEM_SIZE       ; 150   ; Signed Integer                              ;
+----------------+-------+---------------------------------------------+
Note: In order to hide this table in the UI and the text report file, please set the "Show Parameter Settings in Synthesis Report" option in "Analysis and Synthesis Settings -> More Settings" to "Off".


+-------------------------------------------------------------------------+
; Parameter Settings for User Entity Instance: memoria_de_instrucoes:inst ;
+----------------+-------+------------------------------------------------+
; Parameter Name ; Value ; Type                                           ;
+----------------+-------+------------------------------------------------+
; MEM_SIZE       ; 150   ; Signed Integer                                 ;
+----------------+-------+------------------------------------------------+
Note: In order to hide this table in the UI and the text report file, please set the "Show Parameter Settings in Synthesis Report" option in "Analysis and Synthesis Settings -> More Settings" to "Off".


+--------------------------------------------------------------------------------------------------+
; Parameter Settings for Inferred Entity Instance: unidade_logica_aritmetica:inst6|lpm_divide:Div0 ;
+------------------------+----------------+--------------------------------------------------------+
; Parameter Name         ; Value          ; Type                                                   ;
+------------------------+----------------+--------------------------------------------------------+
; LPM_WIDTHN             ; 32             ; Untyped                                                ;
; LPM_WIDTHD             ; 32             ; Untyped                                                ;
; LPM_NREPRESENTATION    ; UNSIGNED       ; Untyped                                                ;
; LPM_DREPRESENTATION    ; UNSIGNED       ; Untyped                                                ;
; LPM_PIPELINE           ; 0              ; Untyped                                                ;
; LPM_REMAINDERPOSITIVE  ; TRUE           ; Untyped                                                ;
; MAXIMIZE_SPEED         ; 5              ; Untyped                                                ;
; CBXI_PARAMETER         ; lpm_divide_hkm ; Untyped                                                ;
; CARRY_CHAIN            ; MANUAL         ; Untyped                                                ;
; OPTIMIZE_FOR_SPEED     ; 5              ; Untyped                                                ;
; AUTO_CARRY_CHAINS      ; ON             ; AUTO_CARRY                                             ;
; IGNORE_CARRY_BUFFERS   ; OFF            ; IGNORE_CARRY                                           ;
; AUTO_CASCADE_CHAINS    ; ON             ; AUTO_CASCADE                                           ;
; IGNORE_CASCADE_BUFFERS ; OFF            ; IGNORE_CASCADE                                         ;
+------------------------+----------------+--------------------------------------------------------+
Note: In order to hide this table in the UI and the text report file, please set the "Show Parameter Settings in Synthesis Report" option in "Analysis and Synthesis Settings -> More Settings" to "Off".


+-------------------------------------------------------------------------------------------------+
; Parameter Settings for Inferred Entity Instance: unidade_logica_aritmetica:inst6|lpm_mult:Mult0 ;
+------------------------------------------------+--------------+---------------------------------+
; Parameter Name                                 ; Value        ; Type                            ;
+------------------------------------------------+--------------+---------------------------------+
; AUTO_CARRY_CHAINS                              ; ON           ; AUTO_CARRY                      ;
; IGNORE_CARRY_BUFFERS                           ; OFF          ; IGNORE_CARRY                    ;
; AUTO_CASCADE_CHAINS                            ; ON           ; AUTO_CASCADE                    ;
; IGNORE_CASCADE_BUFFERS                         ; OFF          ; IGNORE_CASCADE                  ;
; LPM_WIDTHA                                     ; 32           ; Untyped                         ;
; LPM_WIDTHB                                     ; 32           ; Untyped                         ;
; LPM_WIDTHP                                     ; 64           ; Untyped                         ;
; LPM_WIDTHR                                     ; 64           ; Untyped                         ;
; LPM_WIDTHS                                     ; 1            ; Untyped                         ;
; LPM_REPRESENTATION                             ; UNSIGNED     ; Untyped                         ;
; LPM_PIPELINE                                   ; 0            ; Untyped                         ;
; LATENCY                                        ; 0            ; Untyped                         ;
; INPUT_A_IS_CONSTANT                            ; NO           ; Untyped                         ;
; INPUT_B_IS_CONSTANT                            ; NO           ; Untyped                         ;
; USE_EAB                                        ; OFF          ; Untyped                         ;
; MAXIMIZE_SPEED                                 ; 5            ; Untyped                         ;
; DEVICE_FAMILY                                  ; Cyclone IV E ; Untyped                         ;
; CARRY_CHAIN                                    ; MANUAL       ; Untyped                         ;
; APEX20K_TECHNOLOGY_MAPPER                      ; LUT          ; TECH_MAPPER_APEX20K             ;
; DEDICATED_MULTIPLIER_CIRCUITRY                 ; AUTO         ; Untyped                         ;
; DEDICATED_MULTIPLIER_MIN_INPUT_WIDTH_FOR_AUTO  ; 0            ; Untyped                         ;
; DEDICATED_MULTIPLIER_MIN_OUTPUT_WIDTH_FOR_AUTO ; 0            ; Untyped                         ;
; CBXI_PARAMETER                                 ; mult_7dt     ; Untyped                         ;
; INPUT_A_FIXED_VALUE                            ; Bx           ; Untyped                         ;
; INPUT_B_FIXED_VALUE                            ; Bx           ; Untyped                         ;
; USE_AHDL_IMPLEMENTATION                        ; OFF          ; Untyped                         ;
+------------------------------------------------+--------------+---------------------------------+
Note: In order to hide this table in the UI and the text report file, please set the "Show Parameter Settings in Synthesis Report" option in "Analysis and Synthesis Settings -> More Settings" to "Off".


+--------------------------------------------------------------------------------------------------+
; Parameter Settings for Inferred Entity Instance: unidade_logica_aritmetica:inst6|lpm_divide:Mod0 ;
+------------------------+----------------+--------------------------------------------------------+
; Parameter Name         ; Value          ; Type                                                   ;
+------------------------+----------------+--------------------------------------------------------+
; LPM_WIDTHN             ; 32             ; Untyped                                                ;
; LPM_WIDTHD             ; 32             ; Untyped                                                ;
; LPM_NREPRESENTATION    ; UNSIGNED       ; Untyped                                                ;
; LPM_DREPRESENTATION    ; UNSIGNED       ; Untyped                                                ;
; LPM_PIPELINE           ; 0              ; Untyped                                                ;
; LPM_REMAINDERPOSITIVE  ; TRUE           ; Untyped                                                ;
; MAXIMIZE_SPEED         ; 5              ; Untyped                                                ;
; CBXI_PARAMETER         ; lpm_divide_kcm ; Untyped                                                ;
; CARRY_CHAIN            ; MANUAL         ; Untyped                                                ;
; OPTIMIZE_FOR_SPEED     ; 5              ; Untyped                                                ;
; AUTO_CARRY_CHAINS      ; ON             ; AUTO_CARRY                                             ;
; IGNORE_CARRY_BUFFERS   ; OFF            ; IGNORE_CARRY                                           ;
; AUTO_CASCADE_CHAINS    ; ON             ; AUTO_CASCADE                                           ;
; IGNORE_CASCADE_BUFFERS ; OFF            ; IGNORE_CASCADE                                         ;
+------------------------+----------------+--------------------------------------------------------+
Note: In order to hide this table in the UI and the text report file, please set the "Show Parameter Settings in Synthesis Report" option in "Analysis and Synthesis Settings -> More Settings" to "Off".


+----------------------------------------------------------------------------------------+
; lpm_mult Parameter Settings by Entity Instance                                         ;
+---------------------------------------+------------------------------------------------+
; Name                                  ; Value                                          ;
+---------------------------------------+------------------------------------------------+
; Number of entity instances            ; 1                                              ;
; Entity Instance                       ; unidade_logica_aritmetica:inst6|lpm_mult:Mult0 ;
;     -- LPM_WIDTHA                     ; 32                                             ;
;     -- LPM_WIDTHB                     ; 32                                             ;
;     -- LPM_WIDTHP                     ; 64                                             ;
;     -- LPM_REPRESENTATION             ; UNSIGNED                                       ;
;     -- INPUT_A_IS_CONSTANT            ; NO                                             ;
;     -- INPUT_B_IS_CONSTANT            ; NO                                             ;
;     -- USE_EAB                        ; OFF                                            ;
;     -- DEDICATED_MULTIPLIER_CIRCUITRY ; AUTO                                           ;
;     -- INPUT_A_FIXED_VALUE            ; Bx                                             ;
;     -- INPUT_B_FIXED_VALUE            ; Bx                                             ;
+---------------------------------------+------------------------------------------------+


+-----------------------------------------------------+
; Post-Synthesis Netlist Statistics for Top Partition ;
+-----------------------+-----------------------------+
; Type                  ; Count                       ;
+-----------------------+-----------------------------+
; boundary_port         ; 78                          ;
; cycloneiii_ff         ; 5899                        ;
;     ENA               ; 5819                        ;
;     ENA SCLR          ; 33                          ;
;     ENA SLD           ; 5                           ;
;     SCLR              ; 26                          ;
;     plain             ; 16                          ;
; cycloneiii_lcell_comb ; 8716                        ;
;     arith             ; 1289                        ;
;         2 data inputs ; 93                          ;
;         3 data inputs ; 1196                        ;
;     normal            ; 7427                        ;
;         0 data inputs ; 61                          ;
;         1 data inputs ; 16                          ;
;         2 data inputs ; 49                          ;
;         3 data inputs ; 598                         ;
;         4 data inputs ; 6703                        ;
; cycloneiii_mac_mult   ; 3                           ;
; cycloneiii_mac_out    ; 3                           ;
;                       ;                             ;
; Max LUT depth         ; 147.50                      ;
; Average LUT depth     ; 86.86                       ;
+-----------------------+-----------------------------+


+-------------------------------+
; Elapsed Time Per Partition    ;
+----------------+--------------+
; Partition Name ; Elapsed Time ;
+----------------+--------------+
; Top            ; 00:00:56     ;
+----------------+--------------+


+-------------------------------+
; Analysis & Synthesis Messages ;
+-------------------------------+
Info: *******************************************************************
Info: Running Quartus II 64-Bit Analysis & Synthesis
    Info: Version 15.0.2 Build 153 07/15/2015 SJ Web Edition
    Info: Processing started: Sun Sep 17 17:34:05 2017
Info: Command: quartus_map --read_settings_files=on --write_settings_files=off iZero -c iZero
Info (16303): Aggressive Power optimization mode selected -- dynamic power will be prioritized at the potential cost of reduced timing performance and increased compilation time
Warning (20028): Parallel compilation is not licensed and has been disabled
Info (12021): Found 1 design units, including 1 entities, in source file /home/diego/i_zero_final/iZero/componentes_CPU/temporizador.v
    Info (12023): Found entity 1: temporizador
Info (12021): Found 1 design units, including 1 entities, in source file /home/diego/i_zero_final/iZero/componentes_CPU/display_quadruplo/display_quadruplo.v
    Info (12023): Found entity 1: display_quadruplo
Info (12021): Found 1 design units, including 1 entities, in source file /home/diego/i_zero_final/iZero/componentes_CPU/display_duplo/display_duplo.v
    Info (12023): Found entity 1: display_duplo
Info (12021): Found 1 design units, including 1 entities, in source file /home/diego/i_zero_final/iZero/componentes_CPU/unidade_logica_aritmetica/unidade_logica_aritmetica.v
    Info (12023): Found entity 1: unidade_logica_aritmetica
Info (12021): Found 1 design units, including 1 entities, in source file /home/diego/i_zero_final/iZero/componentes_CPU/unidade_de_controle/unidade_de_controle.v
    Info (12023): Found entity 1: unidade_de_controle
Info (12021): Found 1 design units, including 1 entities, in source file /home/diego/i_zero_final/iZero/componentes_CPU/somador_pc/somador_pc.v
    Info (12023): Found entity 1: somador_pc
Info (12021): Found 1 design units, including 1 entities, in source file /home/diego/i_zero_final/iZero/componentes_CPU/saida_de_dados/saida_de_dados.v
    Info (12023): Found entity 1: saida_de_dados
Info (12021): Found 1 design units, including 1 entities, in source file /home/diego/i_zero_final/iZero/componentes_CPU/multiplexador_ula/multiplexador_ula.v
    Info (12023): Found entity 1: multiplexador_ula
Info (12021): Found 1 design units, including 1 entities, in source file /home/diego/i_zero_final/iZero/componentes_CPU/multiplexador_escrita_br/multiplexador_escrita_br.v
    Info (12023): Found entity 1: multiplexador_escrita_br
Info (12021): Found 1 design units, including 1 entities, in source file /home/diego/i_zero_final/iZero/componentes_CPU/multiplexador_br/multiplexador_br.v
    Info (12023): Found entity 1: multiplexador_br
Info (12021): Found 1 design units, including 1 entities, in source file /home/diego/i_zero_final/iZero/componentes_CPU/memoria_de_instrucoes/memoria_de_instrucoes.v
    Info (12023): Found entity 1: memoria_de_instrucoes
Info (12021): Found 1 design units, including 1 entities, in source file /home/diego/i_zero_final/iZero/componentes_CPU/memoria_de_dados/memoria_de_dados.v
    Info (12023): Found entity 1: memoria_de_dados
Info (12021): Found 1 design units, including 1 entities, in source file /home/diego/i_zero_final/iZero/componentes_CPU/extensor_de_bit/extensor_de_bit.v
    Info (12023): Found entity 1: extensor_de_bit
Info (12021): Found 1 design units, including 1 entities, in source file /home/diego/i_zero_final/iZero/componentes_CPU/entrada_de_dados/entrada_de_dados.v
    Info (12023): Found entity 1: entrada_de_dados
Info (12021): Found 1 design units, including 1 entities, in source file /home/diego/i_zero_final/iZero/componentes_CPU/contador_de_programa/contador_de_programa.v
    Info (12023): Found entity 1: contador_de_programa
Info (12021): Found 1 design units, including 1 entities, in source file /home/diego/i_zero_final/iZero/componentes_CPU/BCD_quatro_digitos/BCD_quatro_digitos.v
    Info (12023): Found entity 1: BCD_quatro_digitos
Info (12021): Found 1 design units, including 1 entities, in source file /home/diego/i_zero_final/iZero/componentes_CPU/BCD_dois_digitos/BCD_dois_digitos.v
    Info (12023): Found entity 1: BCD_dois_digitos
Info (12021): Found 1 design units, including 1 entities, in source file /home/diego/i_zero_final/iZero/componentes_CPU/banco_de_registradores/banco_de_registradores.v
    Info (12023): Found entity 1: banco_de_registradores
Info (12021): Found 1 design units, including 1 entities, in source file iZero.bdf
    Info (12023): Found entity 1: iZero
Info (12021): Found 1 design units, including 1 entities, in source file /home/diego/i_zero_final/iZero/componentes_CPU/multiplexador_jal/multiplexador_jal.v
    Info (12023): Found entity 1: multiplexador_jal
Warning (12019): Can't analyze file -- file ../componentes_CPU/multiplexador_mem_to_reg/multiplexador_mem_to_reg.v is missing
Warning (12019): Can't analyze file -- file ../componentes_CPU/multiplexador_reg_io/multiplexador_reg_io.v is missing
Info (12021): Found 1 design units, including 1 entities, in source file /home/diego/i_zero_final/iZero/componentes_CPU/somador_interruptor/somador_interruptor.v
    Info (12023): Found entity 1: somador_interruptor
Info (12127): Elaborating entity "iZero" for the top level hierarchy
Info (12128): Elaborating entity "display_duplo" for hierarchy "display_duplo:inst34"
Info (12128): Elaborating entity "BCD_dois_digitos" for hierarchy "BCD_dois_digitos:inst31"
Info (12128): Elaborating entity "saida_de_dados" for hierarchy "saida_de_dados:inst5"
Info (12128): Elaborating entity "temporizador" for hierarchy "temporizador:inst4"
Info (12128): Elaborating entity "unidade_de_controle" for hierarchy "unidade_de_controle:inst12"
Info (12128): Elaborating entity "entrada_de_dados" for hierarchy "entrada_de_dados:inst27"
Info (12128): Elaborating entity "unidade_logica_aritmetica" for hierarchy "unidade_logica_aritmetica:inst6"
Info (12128): Elaborating entity "banco_de_registradores" for hierarchy "banco_de_registradores:inst9"
Warning (10855): Verilog HDL warning at banco_de_registradores.v(21): initial value for variable regs should be constant
Info (12128): Elaborating entity "multiplexador_escrita_br" for hierarchy "multiplexador_escrita_br:inst8"
Info (12128): Elaborating entity "memoria_de_dados" for hierarchy "memoria_de_dados:inst29"
Info (12128): Elaborating entity "contador_de_programa" for hierarchy "contador_de_programa:inst16"
Info (12128): Elaborating entity "somador_pc" for hierarchy "somador_pc:inst10"
Info (12128): Elaborating entity "memoria_de_instrucoes" for hierarchy "memoria_de_instrucoes:inst"
Warning (10030): Net "rom[149..50]" at memoria_de_instrucoes.v(9) has no driver or initial value, using a default initial value '0'
Info (12128): Elaborating entity "somador_interruptor" for hierarchy "somador_interruptor:inst13"
Info (12128): Elaborating entity "multiplexador_jal" for hierarchy "multiplexador_jal:inst2"
Info (12128): Elaborating entity "multiplexador_br" for hierarchy "multiplexador_br:inst3"
Info (12128): Elaborating entity "multiplexador_ula" for hierarchy "multiplexador_ula:inst7"
Info (12128): Elaborating entity "extensor_de_bit" for hierarchy "extensor_de_bit:inst21"
Info (12128): Elaborating entity "display_quadruplo" for hierarchy "display_quadruplo:inst35"
Info (12128): Elaborating entity "BCD_quatro_digitos" for hierarchy "BCD_quatro_digitos:inst32"
Info (276014): Found 1 instances of uninferred RAM logic
    Info (276007): RAM logic "memoria_de_dados:inst29|memoria_dados" is uninferred due to asynchronous read logic
Info (278001): Inferred 3 megafunctions from design logic
    Info (278004): Inferred divider/modulo megafunction ("lpm_divide") from the following logic: "unidade_logica_aritmetica:inst6|Div0"
    Info (278003): Inferred multiplier megafunction ("lpm_mult") from the following logic: "unidade_logica_aritmetica:inst6|Mult0"
    Info (278004): Inferred divider/modulo megafunction ("lpm_divide") from the following logic: "unidade_logica_aritmetica:inst6|Mod0"
Info (12130): Elaborated megafunction instantiation "unidade_logica_aritmetica:inst6|lpm_divide:Div0"
Info (12133): Instantiated megafunction "unidade_logica_aritmetica:inst6|lpm_divide:Div0" with the following parameter:
    Info (12134): Parameter "LPM_WIDTHN" = "32"
    Info (12134): Parameter "LPM_WIDTHD" = "32"
    Info (12134): Parameter "LPM_NREPRESENTATION" = "UNSIGNED"
    Info (12134): Parameter "LPM_DREPRESENTATION" = "UNSIGNED"
Info (12021): Found 1 design units, including 1 entities, in source file db/lpm_divide_hkm.tdf
    Info (12023): Found entity 1: lpm_divide_hkm
Info (12021): Found 1 design units, including 1 entities, in source file db/sign_div_unsign_9nh.tdf
    Info (12023): Found entity 1: sign_div_unsign_9nh
Info (12021): Found 1 design units, including 1 entities, in source file db/alt_u_div_6af.tdf
    Info (12023): Found entity 1: alt_u_div_6af
Info (12021): Found 1 design units, including 1 entities, in source file db/add_sub_7pc.tdf
    Info (12023): Found entity 1: add_sub_7pc
Info (12021): Found 1 design units, including 1 entities, in source file db/add_sub_8pc.tdf
    Info (12023): Found entity 1: add_sub_8pc
Info (12130): Elaborated megafunction instantiation "unidade_logica_aritmetica:inst6|lpm_mult:Mult0"
Info (12133): Instantiated megafunction "unidade_logica_aritmetica:inst6|lpm_mult:Mult0" with the following parameter:
    Info (12134): Parameter "LPM_WIDTHA" = "32"
    Info (12134): Parameter "LPM_WIDTHB" = "32"
    Info (12134): Parameter "LPM_WIDTHP" = "64"
    Info (12134): Parameter "LPM_WIDTHR" = "64"
    Info (12134): Parameter "LPM_WIDTHS" = "1"
    Info (12134): Parameter "LPM_REPRESENTATION" = "UNSIGNED"
    Info (12134): Parameter "INPUT_A_IS_CONSTANT" = "NO"
    Info (12134): Parameter "INPUT_B_IS_CONSTANT" = "NO"
    Info (12134): Parameter "MAXIMIZE_SPEED" = "5"
Info (12021): Found 1 design units, including 1 entities, in source file db/mult_7dt.tdf
    Info (12023): Found entity 1: mult_7dt
Info (12130): Elaborated megafunction instantiation "unidade_logica_aritmetica:inst6|lpm_divide:Mod0"
Info (12133): Instantiated megafunction "unidade_logica_aritmetica:inst6|lpm_divide:Mod0" with the following parameter:
    Info (12134): Parameter "LPM_WIDTHN" = "32"
    Info (12134): Parameter "LPM_WIDTHD" = "32"
    Info (12134): Parameter "LPM_NREPRESENTATION" = "UNSIGNED"
    Info (12134): Parameter "LPM_DREPRESENTATION" = "UNSIGNED"
Info (12021): Found 1 design units, including 1 entities, in source file db/lpm_divide_kcm.tdf
    Info (12023): Found entity 1: lpm_divide_kcm
Warning (14284): Synthesized away the following node(s):
    Warning (14285): Synthesized away the following DSP element node(s):
        Warning (14320): Synthesized away node "unidade_logica_aritmetica:inst6|lpm_mult:Mult0|mult_7dt:auto_generated|mac_mult7"
        Warning (14320): Synthesized away node "unidade_logica_aritmetica:inst6|lpm_mult:Mult0|mult_7dt:auto_generated|mac_out8"
Info (13014): Ignored 84 buffer(s)
    Info (13019): Ignored 84 SOFT buffer(s)
Info (17049): 63 registers lost all their fanouts during netlist optimizations.
Info (16010): Generating hard_block partition "hard_block:auto_generated_inst"
    Info (16011): Adding 0 node(s), including 0 DDIO, 0 PLL, 0 transceiver and 0 LCELL
Info (21057): Implemented 14620 device resources after synthesis - the final resource count might be different
    Info (21058): Implemented 11 input pins
    Info (21059): Implemented 67 output pins
    Info (21061): Implemented 14536 logic cells
    Info (21062): Implemented 6 DSP elements
Info: Quartus II 64-Bit Analysis & Synthesis was successful. 0 errors, 9 warnings
    Info: Peak virtual memory: 1043 megabytes
    Info: Processing ended: Sun Sep 17 17:35:13 2017
    Info: Elapsed time: 00:01:08
    Info: Total CPU time (on all processors): 00:01:23


