Flow report for memoria_de_instrucoes
Wed May 11 10:19:50 2016
Quartus II 64-Bit Version 13.1.0 Build 162 10/23/2013 SJ Web Edition


---------------------
; Table of Contents ;
---------------------
  1. Legal Notice
  2. Flow Summary
  3. Flow Settings
  4. Flow Non-Default Global Settings
  5. Flow Elapsed Time
  6. Flow OS Summary
  7. Flow Log
  8. Flow Messages
  9. Flow Suppressed Messages



----------------
; Legal Notice ;
----------------
Copyright (C) 1991-2013 Altera Corporation
Your use of Altera Corporation's design tools, logic functions 
and other software and tools, and its AMPP partner logic 
functions, and any output files from any of the foregoing 
(including device programming or simulation files), and any 
associated documentation or information are expressly subject 
to the terms and conditions of the Altera Program License 
Subscription Agreement, Altera MegaCore Function License 
Agreement, or other applicable license agreement, including, 
without limitation, that your use is for the sole purpose of 
programming logic devices manufactured by Altera and sold by 
Altera or its authorized distributors.  Please refer to the 
applicable agreement for further details.



+---------------------------------------------------------------------------------+
; Flow Summary                                                                    ;
+------------------------------------+--------------------------------------------+
; Flow Status                        ; Successful - Wed May 11 10:19:50 2016      ;
; Quartus II 64-Bit Version          ; 13.1.0 Build 162 10/23/2013 SJ Web Edition ;
; Revision Name                      ; memoria_de_instrucoes                      ;
; Top-level Entity Name              ; memoria_de_instrucoes                      ;
; Family                             ; Cyclone IV E                               ;
; Total logic elements               ; 0 / 6,272 ( 0 % )                          ;
;     Total combinational functions  ; 0 / 6,272 ( 0 % )                          ;
;     Dedicated logic registers      ; 0 / 6,272 ( 0 % )                          ;
; Total registers                    ; 0                                          ;
; Total pins                         ; 59 / 92 ( 64 % )                           ;
; Total virtual pins                 ; 0                                          ;
; Total memory bits                  ; 4,800 / 276,480 ( 2 % )                    ;
; Embedded Multiplier 9-bit elements ; 0 / 30 ( 0 % )                             ;
; Total PLLs                         ; 0 / 2 ( 0 % )                              ;
; Device                             ; EP4CE6E22C6                                ;
; Timing Models                      ; Final                                      ;
+------------------------------------+--------------------------------------------+


+-------------------------------------------+
; Flow Settings                             ;
+-------------------+-----------------------+
; Option            ; Setting               ;
+-------------------+-----------------------+
; Start date & time ; 05/11/2016 10:17:39   ;
; Main task         ; Compilation           ;
; Revision Name     ; memoria_de_instrucoes ;
+-------------------+-----------------------+


+--------------------------------------------------------------------------------------------------------------------------------------------------------------+
; Flow Non-Default Global Settings                                                                                                                             ;
+-------------------------------------+-------------------------------------------------------------------------+---------------+-------------+----------------+
; Assignment Name                     ; Value                                                                   ; Default Value ; Entity Name ; Section Id     ;
+-------------------------------------+-------------------------------------------------------------------------+---------------+-------------+----------------+
; COMPILER_SIGNATURE_ID               ; 18111119295781.146297265905812                                          ; --            ; --          ; --             ;
; EDA_GENERATE_FUNCTIONAL_NETLIST     ; On                                                                      ; --            ; --          ; eda_simulation ;
; EDA_NETLIST_WRITER_OUTPUT_DIR       ; C:/Users/PC/Desktop/LAB_AOC/pc_2/memoria_de_instrucoes/simulation/qsim/ ; --            ; --          ; eda_simulation ;
; EDA_OUTPUT_DATA_FORMAT              ; Verilog Hdl                                                             ; --            ; --          ; eda_simulation ;
; EDA_SIMULATION_TOOL                 ; ModelSim-Altera (Verilog)                                               ; <None>        ; --          ; --             ;
; PARTITION_COLOR                     ; 16764057                                                                ; --            ; --          ; Top            ;
; PARTITION_FITTER_PRESERVATION_LEVEL ; PLACEMENT_AND_ROUTING                                                   ; --            ; --          ; Top            ;
; PARTITION_NETLIST_TYPE              ; SOURCE                                                                  ; --            ; --          ; Top            ;
; PROJECT_OUTPUT_DIRECTORY            ; output_files                                                            ; --            ; --          ; --             ;
+-------------------------------------+-------------------------------------------------------------------------+---------------+-------------+----------------+


+-------------------------------------------------------------------------------------------------------------------------------+
; Flow Elapsed Time                                                                                                             ;
+---------------------------+--------------+-------------------------+---------------------+------------------------------------+
; Module Name               ; Elapsed Time ; Average Processors Used ; Peak Virtual Memory ; Total CPU Time (on all processors) ;
+---------------------------+--------------+-------------------------+---------------------+------------------------------------+
; Analysis & Synthesis      ; 00:00:02     ; 1.0                     ; 463 MB              ; 00:00:01                           ;
; Fitter                    ; 00:00:10     ; 1.0                     ; 728 MB              ; 00:00:06                           ;
; Assembler                 ; 00:00:01     ; 1.0                     ; 430 MB              ; 00:00:01                           ;
; TimeQuest Timing Analyzer ; 00:00:03     ; 1.0                     ; 491 MB              ; 00:00:02                           ;
; EDA Netlist Writer        ; 00:00:01     ; 1.0                     ; 395 MB              ; 00:00:00                           ;
; EDA Netlist Writer        ; 00:00:01     ; 1.0                     ; 402 MB              ; 00:00:01                           ;
; EDA Netlist Writer        ; 00:00:00     ; 1.0                     ; 402 MB              ; 00:00:01                           ;
; Total                     ; 00:00:18     ; --                      ; --                  ; 00:00:12                           ;
+---------------------------+--------------+-------------------------+---------------------+------------------------------------+


+----------------------------------------------------------------------------------------+
; Flow OS Summary                                                                        ;
+---------------------------+------------------+-----------+------------+----------------+
; Module Name               ; Machine Hostname ; OS Name   ; OS Version ; Processor type ;
+---------------------------+------------------+-----------+------------+----------------+
; Analysis & Synthesis      ; PC-PC            ; Windows 7 ; 6.1        ; x86_64         ;
; Fitter                    ; PC-PC            ; Windows 7 ; 6.1        ; x86_64         ;
; Assembler                 ; PC-PC            ; Windows 7 ; 6.1        ; x86_64         ;
; TimeQuest Timing Analyzer ; PC-PC            ; Windows 7 ; 6.1        ; x86_64         ;
; EDA Netlist Writer        ; PC-PC            ; Windows 7 ; 6.1        ; x86_64         ;
; EDA Netlist Writer        ; PC-PC            ; Windows 7 ; 6.1        ; x86_64         ;
; EDA Netlist Writer        ; PC-PC            ; Windows 7 ; 6.1        ; x86_64         ;
+---------------------------+------------------+-----------+------------+----------------+


------------
; Flow Log ;
------------
quartus_map --read_settings_files=on --write_settings_files=off memoria_de_instrucoes -c memoria_de_instrucoes
quartus_fit --read_settings_files=off --write_settings_files=off memoria_de_instrucoes -c memoria_de_instrucoes
quartus_asm --read_settings_files=off --write_settings_files=off memoria_de_instrucoes -c memoria_de_instrucoes
quartus_sta memoria_de_instrucoes -c memoria_de_instrucoes
quartus_eda --read_settings_files=off --write_settings_files=off memoria_de_instrucoes -c memoria_de_instrucoes
quartus_eda --gen_testbench --check_outputs=on --tool=modelsim_oem --format=verilog memoria_de_instrucoes -c memoria_de_instrucoes --vector_source=C:/Users/PC/Desktop/LAB_AOC/pc_2/memoria_de_instrucoes/Waveform.vwf --testbench_file=C:/Users/PC/Desktop/LAB_AOC/pc_2/memoria_de_instrucoes/simulation/qsim/Waveform.vwf.vt
quartus_eda --functional=on --flatten_buses=off --simulation=on --tool=modelsim_oem --format=verilog --output_directory=C:/Users/PC/Desktop/LAB_AOC/pc_2/memoria_de_instrucoes/simulation/qsim/ memoria_de_instrucoes -c memoria_de_instrucoes



