Analysis & Synthesis report for unidade_de_controle
Mon May 30 10:13:45 2016
Quartus II 32-bit Version 13.1.0 Build 162 10/23/2013 SJ Full Version


---------------------
; Table of Contents ;
---------------------
  1. Legal Notice
  2. Analysis & Synthesis Summary
  3. Analysis & Synthesis Settings
  4. Parallel Compilation
  5. Analysis & Synthesis Source Files Read
  6. Analysis & Synthesis Resource Usage Summary
  7. Analysis & Synthesis Resource Utilization by Entity
  8. State Machine - |unidade_de_controle|estado
  9. Registers Removed During Synthesis
 10. Removed Registers Triggering Further Register Optimizations
 11. General Register Statistics
 12. Multiplexer Restructuring Statistics (Restructuring Performed)
 13. Elapsed Time Per Partition
 14. Analysis & Synthesis Messages
 15. Analysis & Synthesis Suppressed Messages



----------------
; Legal Notice ;
----------------
Copyright (C) 1991-2013 Altera Corporation
Your use of Altera Corporation's design tools, logic functions 
and other software and tools, and its AMPP partner logic 
functions, and any output files from any of the foregoing 
(including device programming or simulation files), and any 
associated documentation or information are expressly subject 
to the terms and conditions of the Altera Program License 
Subscription Agreement, Altera MegaCore Function License 
Agreement, or other applicable license agreement, including, 
without limitation, that your use is for the sole purpose of 
programming logic devices manufactured by Altera and sold by 
Altera or its authorized distributors.  Please refer to the 
applicable agreement for further details.



+----------------------------------------------------------------------------------+
; Analysis & Synthesis Summary                                                     ;
+------------------------------------+---------------------------------------------+
; Analysis & Synthesis Status        ; Successful - Mon May 30 10:13:45 2016       ;
; Quartus II 32-bit Version          ; 13.1.0 Build 162 10/23/2013 SJ Full Version ;
; Revision Name                      ; unidade_de_controle                         ;
; Top-level Entity Name              ; unidade_de_controle                         ;
; Family                             ; Cyclone IV E                                ;
; Total logic elements               ; 0                                           ;
;     Total combinational functions  ; 0                                           ;
;     Dedicated logic registers      ; 0                                           ;
; Total registers                    ; 0                                           ;
; Total pins                         ; 28                                          ;
; Total virtual pins                 ; 0                                           ;
; Total memory bits                  ; 0                                           ;
; Embedded Multiplier 9-bit elements ; 0                                           ;
; Total PLLs                         ; 0                                           ;
+------------------------------------+---------------------------------------------+


+------------------------------------------------------------------------------------------------------------------------+
; Analysis & Synthesis Settings                                                                                          ;
+----------------------------------------------------------------------------+---------------------+---------------------+
; Option                                                                     ; Setting             ; Default Value       ;
+----------------------------------------------------------------------------+---------------------+---------------------+
; Top-level entity name                                                      ; unidade_de_controle ; unidade_de_controle ;
; Family name                                                                ; Cyclone IV E        ; Cyclone IV GX       ;
; Use smart compilation                                                      ; Off                 ; Off                 ;
; Enable parallel Assembler and TimeQuest Timing Analyzer during compilation ; On                  ; On                  ;
; Enable compact report table                                                ; Off                 ; Off                 ;
; Restructure Multiplexers                                                   ; Auto                ; Auto                ;
; Create Debugging Nodes for IP Cores                                        ; Off                 ; Off                 ;
; Preserve fewer node names                                                  ; On                  ; On                  ;
; Disable OpenCore Plus hardware evaluation                                  ; Off                 ; Off                 ;
; Verilog Version                                                            ; Verilog_2001        ; Verilog_2001        ;
; VHDL Version                                                               ; VHDL_1993           ; VHDL_1993           ;
; State Machine Processing                                                   ; Auto                ; Auto                ;
; Safe State Machine                                                         ; Off                 ; Off                 ;
; Extract Verilog State Machines                                             ; On                  ; On                  ;
; Extract VHDL State Machines                                                ; On                  ; On                  ;
; Ignore Verilog initial constructs                                          ; Off                 ; Off                 ;
; Iteration limit for constant Verilog loops                                 ; 5000                ; 5000                ;
; Iteration limit for non-constant Verilog loops                             ; 250                 ; 250                 ;
; Add Pass-Through Logic to Inferred RAMs                                    ; On                  ; On                  ;
; Infer RAMs from Raw Logic                                                  ; On                  ; On                  ;
; Parallel Synthesis                                                         ; On                  ; On                  ;
; DSP Block Balancing                                                        ; Auto                ; Auto                ;
; NOT Gate Push-Back                                                         ; On                  ; On                  ;
; Power-Up Don't Care                                                        ; On                  ; On                  ;
; Remove Redundant Logic Cells                                               ; Off                 ; Off                 ;
; Remove Duplicate Registers                                                 ; On                  ; On                  ;
; Ignore CARRY Buffers                                                       ; Off                 ; Off                 ;
; Ignore CASCADE Buffers                                                     ; Off                 ; Off                 ;
; Ignore GLOBAL Buffers                                                      ; Off                 ; Off                 ;
; Ignore ROW GLOBAL Buffers                                                  ; Off                 ; Off                 ;
; Ignore LCELL Buffers                                                       ; Off                 ; Off                 ;
; Ignore SOFT Buffers                                                        ; On                  ; On                  ;
; Limit AHDL Integers to 32 Bits                                             ; Off                 ; Off                 ;
; Optimization Technique                                                     ; Balanced            ; Balanced            ;
; Carry Chain Length                                                         ; 70                  ; 70                  ;
; Auto Carry Chains                                                          ; On                  ; On                  ;
; Auto Open-Drain Pins                                                       ; On                  ; On                  ;
; Perform WYSIWYG Primitive Resynthesis                                      ; Off                 ; Off                 ;
; Auto ROM Replacement                                                       ; On                  ; On                  ;
; Auto RAM Replacement                                                       ; On                  ; On                  ;
; Auto DSP Block Replacement                                                 ; On                  ; On                  ;
; Auto Shift Register Replacement                                            ; Auto                ; Auto                ;
; Allow Shift Register Merging across Hierarchies                            ; Auto                ; Auto                ;
; Auto Clock Enable Replacement                                              ; On                  ; On                  ;
; Strict RAM Replacement                                                     ; Off                 ; Off                 ;
; Allow Synchronous Control Signals                                          ; On                  ; On                  ;
; Force Use of Synchronous Clear Signals                                     ; Off                 ; Off                 ;
; Auto RAM Block Balancing                                                   ; On                  ; On                  ;
; Auto RAM to Logic Cell Conversion                                          ; Off                 ; Off                 ;
; Auto Resource Sharing                                                      ; Off                 ; Off                 ;
; Allow Any RAM Size For Recognition                                         ; Off                 ; Off                 ;
; Allow Any ROM Size For Recognition                                         ; Off                 ; Off                 ;
; Allow Any Shift Register Size For Recognition                              ; Off                 ; Off                 ;
; Use LogicLock Constraints during Resource Balancing                        ; On                  ; On                  ;
; Ignore translate_off and synthesis_off directives                          ; Off                 ; Off                 ;
; Timing-Driven Synthesis                                                    ; On                  ; On                  ;
; Report Parameter Settings                                                  ; On                  ; On                  ;
; Report Source Assignments                                                  ; On                  ; On                  ;
; Report Connectivity Checks                                                 ; On                  ; On                  ;
; Ignore Maximum Fan-Out Assignments                                         ; Off                 ; Off                 ;
; Synchronization Register Chain Length                                      ; 2                   ; 2                   ;
; PowerPlay Power Optimization                                               ; Normal compilation  ; Normal compilation  ;
; HDL message level                                                          ; Level2              ; Level2              ;
; Suppress Register Optimization Related Messages                            ; Off                 ; Off                 ;
; Number of Removed Registers Reported in Synthesis Report                   ; 5000                ; 5000                ;
; Number of Swept Nodes Reported in Synthesis Report                         ; 5000                ; 5000                ;
; Number of Inverted Registers Reported in Synthesis Report                  ; 100                 ; 100                 ;
; Clock MUX Protection                                                       ; On                  ; On                  ;
; Auto Gated Clock Conversion                                                ; Off                 ; Off                 ;
; Block Design Naming                                                        ; Auto                ; Auto                ;
; SDC constraint protection                                                  ; Off                 ; Off                 ;
; Synthesis Effort                                                           ; Auto                ; Auto                ;
; Shift Register Replacement - Allow Asynchronous Clear Signal               ; On                  ; On                  ;
; Pre-Mapping Resynthesis Optimization                                       ; Off                 ; Off                 ;
; Analysis & Synthesis Message Level                                         ; Medium              ; Medium              ;
; Disable Register Merging Across Hierarchies                                ; Auto                ; Auto                ;
; Resource Aware Inference For Block RAM                                     ; On                  ; On                  ;
; Synthesis Seed                                                             ; 1                   ; 1                   ;
+----------------------------------------------------------------------------+---------------------+---------------------+


+------------------------------------------+
; Parallel Compilation                     ;
+----------------------------+-------------+
; Processors                 ; Number      ;
+----------------------------+-------------+
; Number detected on machine ; 4           ;
; Maximum allowed            ; 4           ;
;                            ;             ;
; Average used               ; 1.00        ;
; Maximum used               ; 1           ;
;                            ;             ;
; Usage by Processor         ; % Time Used ;
;     Processor 1            ; 100.0%      ;
;     Processors 2-4         ;   0.0%      ;
+----------------------------+-------------+


+------------------------------------------------------------------------------------------------------------------------------------------------------------------------+
; Analysis & Synthesis Source Files Read                                                                                                                                 ;
+----------------------------------+-----------------+------------------------+--------------------------------------------------------------------------------+---------+
; File Name with User-Entered Path ; Used in Netlist ; File Type              ; File Name with Absolute Path                                                   ; Library ;
+----------------------------------+-----------------+------------------------+--------------------------------------------------------------------------------+---------+
; unidade_de_controle.v            ; yes             ; User Verilog HDL File  ; /home-local/aluno/Downloads/AOC/pc_2/unidade_de_controle/unidade_de_controle.v ;         ;
+----------------------------------+-----------------+------------------------+--------------------------------------------------------------------------------+---------+


+----------------------------------------------------------+
; Analysis & Synthesis Resource Usage Summary              ;
+---------------------------------------------+------------+
; Resource                                    ; Usage      ;
+---------------------------------------------+------------+
;                                             ;            ;
; Total combinational functions               ; 0          ;
; Logic element usage by number of LUT inputs ;            ;
;     -- 4 input functions                    ; 0          ;
;     -- 3 input functions                    ; 0          ;
;     -- <=2 input functions                  ; 0          ;
;                                             ;            ;
; Logic elements by mode                      ;            ;
;     -- normal mode                          ; 0          ;
;     -- arithmetic mode                      ; 0          ;
;                                             ;            ;
; Total registers                             ; 0          ;
;     -- Dedicated logic registers            ; 0          ;
;     -- I/O registers                        ; 0          ;
;                                             ;            ;
; I/O pins                                    ; 28         ;
; Embedded Multiplier 9-bit elements          ; 0          ;
; Maximum fan-out node                        ; OP_CODE[0] ;
; Maximum fan-out                             ; 1          ;
; Total fan-out                               ; 28         ;
; Average fan-out                             ; 0.50       ;
+---------------------------------------------+------------+


+------------------------------------------------------------------------------------------------------------------------------------------------------------------------------+
; Analysis & Synthesis Resource Utilization by Entity                                                                                                                          ;
+----------------------------+-------------------+--------------+-------------+--------------+---------+-----------+------+--------------+----------------------+--------------+
; Compilation Hierarchy Node ; LC Combinationals ; LC Registers ; Memory Bits ; DSP Elements ; DSP 9x9 ; DSP 18x18 ; Pins ; Virtual Pins ; Full Hierarchy Name  ; Library Name ;
+----------------------------+-------------------+--------------+-------------+--------------+---------+-----------+------+--------------+----------------------+--------------+
; |unidade_de_controle       ; 0 (0)             ; 0 (0)        ; 0           ; 0            ; 0       ; 0         ; 28   ; 0            ; |unidade_de_controle ; work         ;
+----------------------------+-------------------+--------------+-------------+--------------+---------+-----------+------+--------------+----------------------+--------------+
Note: For table entries with two numbers listed, the numbers in parentheses indicate the number of resources of the given type used by the specific entity alone. The numbers listed outside of parentheses indicate the total resources of the given type used by the specific entity and all of its sub-entities in the hierarchy.


Encoding Type:  One-Hot
+--------------------------------------------------------------------------------------------------+
; State Machine - |unidade_de_controle|estado                                                      ;
+---------------------+----------------+---------------------+-------------------+-----------------+
; Name                ; estado.TRAVADO ; estado.INTERROMPIDO ; estado.EXECUTANDO ; estado.BUSCANDO ;
+---------------------+----------------+---------------------+-------------------+-----------------+
; estado.BUSCANDO     ; 0              ; 0                   ; 0                 ; 0               ;
; estado.EXECUTANDO   ; 0              ; 0                   ; 1                 ; 1               ;
; estado.INTERROMPIDO ; 0              ; 1                   ; 0                 ; 1               ;
; estado.TRAVADO      ; 1              ; 0                   ; 0                 ; 1               ;
+---------------------+----------------+---------------------+-------------------+-----------------+


+--------------------------------------------------------------------------------------+
; Registers Removed During Synthesis                                                   ;
+----------------------------------------+---------------------------------------------+
; Register name                          ; Reason for Removal                          ;
+----------------------------------------+---------------------------------------------+
; opcode[2..5]                           ; Merged with opcode[1]                       ;
; muxEscritaBR[0]~reg0                   ; Stuck at VCC due to stuck port data_in      ;
; muxEscritaBR[1]~reg0                   ; Stuck at GND due to stuck port data_in      ;
; muxULA~reg0                            ; Stuck at GND due to stuck port data_in      ;
; muxBR~reg0                             ; Stuck at VCC due to stuck port data_in      ;
; ula_controle[0]~reg0                   ; Stuck at GND due to stuck port data_in      ;
; ula_controle[1]~reg0                   ; Stuck at GND due to stuck port data_in      ;
; ula_controle[2]~reg0                   ; Stuck at GND due to stuck port data_in      ;
; ula_controle[3]~reg0                   ; Stuck at GND due to stuck port data_in      ;
; md_escrita~reg0                        ; Stuck at GND due to stuck port data_in      ;
; md_leitura~reg0                        ; Stuck at GND due to stuck port data_in      ;
; opcode[1]                              ; Stuck at VCC due to stuck port data_in      ;
; somador_PC[0]~reg0                     ; Stuck at GND due to stuck port clock_enable ;
; somador_PC[1]~reg0                     ; Stuck at GND due to stuck port clock_enable ;
; pc_escrita~reg0                        ; Stuck at GND due to stuck port data_in      ;
; pc_reset~reg0                          ; Stuck at VCC due to stuck port data_in      ;
; estado~5                               ; Lost fanout                                 ;
; estado~6                               ; Lost fanout                                 ;
; estado.EXECUTANDO                      ; Lost fanout                                 ;
; estado.INTERROMPIDO                    ; Lost fanout                                 ;
; estado.BUSCANDO                        ; Lost fanout                                 ;
; opcode[0]                              ; Lost fanout                                 ;
; estado.TRAVADO                         ; Lost fanout                                 ;
; reg_escrita~reg0                       ; Stuck at GND due to stuck port data_in      ;
; Total Number of Removed Registers = 27 ;                                             ;
+----------------------------------------+---------------------------------------------+


+---------------------------------------------------------------------------------------------------------------------------------------------+
; Removed Registers Triggering Further Register Optimizations                                                                                 ;
+----------------------+---------------------------+------------------------------------------------------------------------------------------+
; Register name        ; Reason for Removal        ; Registers Removed due to This Register                                                   ;
+----------------------+---------------------------+------------------------------------------------------------------------------------------+
; opcode[1]            ; Stuck at VCC              ; somador_PC[0]~reg0, somador_PC[1]~reg0, pc_escrita~reg0, pc_reset~reg0, reg_escrita~reg0 ;
;                      ; due to stuck port data_in ;                                                                                          ;
; estado~5             ; Lost Fanouts              ; estado.EXECUTANDO, estado.BUSCANDO                                                       ;
; estado~6             ; Lost Fanouts              ; estado.INTERROMPIDO, estado.TRAVADO                                                      ;
; muxEscritaBR[0]~reg0 ; Stuck at VCC              ; opcode[0]                                                                                ;
;                      ; due to stuck port data_in ;                                                                                          ;
+----------------------+---------------------------+------------------------------------------------------------------------------------------+


+------------------------------------------------------+
; General Register Statistics                          ;
+----------------------------------------------+-------+
; Statistic                                    ; Value ;
+----------------------------------------------+-------+
; Total registers                              ; 0     ;
; Number of registers using Synchronous Clear  ; 0     ;
; Number of registers using Synchronous Load   ; 0     ;
; Number of registers using Asynchronous Clear ; 0     ;
; Number of registers using Asynchronous Load  ; 0     ;
; Number of registers using Clock Enable       ; 0     ;
; Number of registers using Preset             ; 0     ;
+----------------------------------------------+-------+


+---------------------------------------------------------------------------------------------------------------------------------------------------------+
; Multiplexer Restructuring Statistics (Restructuring Performed)                                                                                          ;
+--------------------+-----------+---------------+----------------------+------------------------+------------+-------------------------------------------+
; Multiplexer Inputs ; Bus Width ; Baseline Area ; Area if Restructured ; Saving if Restructured ; Registered ; Example Multiplexer Output                ;
+--------------------+-----------+---------------+----------------------+------------------------+------------+-------------------------------------------+
; 3:1                ; 4 bits    ; 8 LEs         ; 0 LEs                ; 8 LEs                  ; Yes        ; |unidade_de_controle|ula_controle[0]~reg0 ;
; 5:1                ; 3 bits    ; 9 LEs         ; 3 LEs                ; 6 LEs                  ; Yes        ; |unidade_de_controle|pc_reset~reg0        ;
; 4:1                ; 2 bits    ; 4 LEs         ; 2 LEs                ; 2 LEs                  ; Yes        ; |unidade_de_controle|opcode[1]            ;
+--------------------+-----------+---------------+----------------------+------------------------+------------+-------------------------------------------+


+-------------------------------+
; Elapsed Time Per Partition    ;
+----------------+--------------+
; Partition Name ; Elapsed Time ;
+----------------+--------------+
; Top            ; 00:00:00     ;
+----------------+--------------+


+-------------------------------+
; Analysis & Synthesis Messages ;
+-------------------------------+
Info: *******************************************************************
Info: Running Quartus II 32-bit Analysis & Synthesis
    Info: Version 13.1.0 Build 162 10/23/2013 SJ Full Version
    Info: Processing started: Mon May 30 10:13:43 2016
Info: Command: quartus_map --read_settings_files=on --write_settings_files=off unidade_de_controle -c unidade_de_controle
Info (20030): Parallel compilation is enabled and will use 4 of the 4 processors detected
Info (12021): Found 1 design units, including 1 entities, in source file unidade_de_controle.v
    Info (12023): Found entity 1: unidade_de_controle
Info (12127): Elaborating entity "unidade_de_controle" for the top level hierarchy
Warning (10855): Verilog HDL warning at unidade_de_controle.v(10): initial value for variable opcode should be constant
Warning (13024): Output pins are stuck at VCC or GND
    Warning (13410): Pin "muxBR" is stuck at VCC
    Warning (13410): Pin "muxULA" is stuck at GND
    Warning (13410): Pin "muxEscritaBR[0]" is stuck at VCC
    Warning (13410): Pin "muxEscritaBR[1]" is stuck at GND
    Warning (13410): Pin "somador_PC[0]" is stuck at GND
    Warning (13410): Pin "somador_PC[1]" is stuck at GND
    Warning (13410): Pin "ula_controle[0]" is stuck at GND
    Warning (13410): Pin "ula_controle[1]" is stuck at GND
    Warning (13410): Pin "ula_controle[2]" is stuck at GND
    Warning (13410): Pin "ula_controle[3]" is stuck at GND
    Warning (13410): Pin "pc_escrita" is stuck at GND
    Warning (13410): Pin "pc_reset" is stuck at VCC
    Warning (13410): Pin "reg_escrita" is stuck at GND
    Warning (13410): Pin "md_escrita" is stuck at GND
    Warning (13410): Pin "md_leitura" is stuck at GND
Info (17049): 7 registers lost all their fanouts during netlist optimizations.
Info (144001): Generated suppressed messages file /home-local/aluno/Downloads/AOC/pc_2/unidade_de_controle/output_files/unidade_de_controle.map.smsg
Info (16010): Generating hard_block partition "hard_block:auto_generated_inst"
    Info (16011): Adding 0 node(s), including 0 DDIO, 0 PLL, 0 transceiver and 0 LCELL
Warning (21074): Design contains 13 input pin(s) that do not drive logic
    Warning (15610): No output dependent on input pin "OP_CODE[0]"
    Warning (15610): No output dependent on input pin "OP_CODE[1]"
    Warning (15610): No output dependent on input pin "OP_CODE[2]"
    Warning (15610): No output dependent on input pin "OP_CODE[3]"
    Warning (15610): No output dependent on input pin "OP_CODE[4]"
    Warning (15610): No output dependent on input pin "OP_CODE[5]"
    Warning (15610): No output dependent on input pin "flag_IN"
    Warning (15610): No output dependent on input pin "igual"
    Warning (15610): No output dependent on input pin "menor"
    Warning (15610): No output dependent on input pin "maior"
    Warning (15610): No output dependent on input pin "trava"
    Warning (15610): No output dependent on input pin "clock"
    Warning (15610): No output dependent on input pin "reset"
Info (21057): Implemented 28 device resources after synthesis - the final resource count might be different
    Info (21058): Implemented 13 input pins
    Info (21059): Implemented 15 output pins
Info: Quartus II 32-bit Analysis & Synthesis was successful. 0 errors, 31 warnings
    Info: Peak virtual memory: 377 megabytes
    Info: Processing ended: Mon May 30 10:13:45 2016
    Info: Elapsed time: 00:00:02
    Info: Total CPU time (on all processors): 00:00:01


+------------------------------------------+
; Analysis & Synthesis Suppressed Messages ;
+------------------------------------------+
The suppressed messages can be found in /home-local/aluno/Downloads/AOC/pc_2/unidade_de_controle/output_files/unidade_de_controle.map.smsg.


