Flow report for banco_de_registradores
Mon May 16 11:50:41 2016
Quartus II 32-bit Version 13.1.0 Build 162 10/23/2013 SJ Full Version


---------------------
; Table of Contents ;
---------------------
  1. Legal Notice
  2. Flow Summary
  3. Flow Settings
  4. Flow Non-Default Global Settings
  5. Flow Elapsed Time
  6. Flow OS Summary
  7. Flow Log
  8. Flow Messages
  9. Flow Suppressed Messages



----------------
; Legal Notice ;
----------------
Copyright (C) 1991-2013 Altera Corporation
Your use of Altera Corporation's design tools, logic functions 
and other software and tools, and its AMPP partner logic 
functions, and any output files from any of the foregoing 
(including device programming or simulation files), and any 
associated documentation or information are expressly subject 
to the terms and conditions of the Altera Program License 
Subscription Agreement, Altera MegaCore Function License 
Agreement, or other applicable license agreement, including, 
without limitation, that your use is for the sole purpose of 
programming logic devices manufactured by Altera and sold by 
Altera or its authorized distributors.  Please refer to the 
applicable agreement for further details.



+----------------------------------------------------------------------------------+
; Flow Summary                                                                     ;
+------------------------------------+---------------------------------------------+
; Flow Status                        ; Successful - Mon May 16 11:50:41 2016       ;
; Quartus II 32-bit Version          ; 13.1.0 Build 162 10/23/2013 SJ Full Version ;
; Revision Name                      ; banco_de_registradores                      ;
; Top-level Entity Name              ; banco_de_registradores                      ;
; Family                             ; Cyclone IV E                                ;
; Total logic elements               ; 1,392 / 6,272 ( 22 % )                      ;
;     Total combinational functions  ; 1,392 / 6,272 ( 22 % )                      ;
;     Dedicated logic registers      ; 1,024 / 6,272 ( 16 % )                      ;
; Total registers                    ; 1024                                        ;
; Total pins                         ; 113 / 180 ( 63 % )                          ;
; Total virtual pins                 ; 0                                           ;
; Total memory bits                  ; 0 / 276,480 ( 0 % )                         ;
; Embedded Multiplier 9-bit elements ; 0 / 30 ( 0 % )                              ;
; Total PLLs                         ; 0 / 2 ( 0 % )                               ;
; Device                             ; EP4CE6F17C6                                 ;
; Timing Models                      ; Final                                       ;
+------------------------------------+---------------------------------------------+


+--------------------------------------------+
; Flow Settings                              ;
+-------------------+------------------------+
; Option            ; Setting                ;
+-------------------+------------------------+
; Start date & time ; 05/16/2016 11:39:10    ;
; Main task         ; Compilation            ;
; Revision Name     ; banco_de_registradores ;
+-------------------+------------------------+


+---------------------------------------------------------------------------------------------------------------------------------------------------------------+
; Flow Non-Default Global Settings                                                                                                                              ;
+-------------------------------------+--------------------------------------------------------------------------+---------------+-------------+----------------+
; Assignment Name                     ; Value                                                                    ; Default Value ; Entity Name ; Section Id     ;
+-------------------------------------+--------------------------------------------------------------------------+---------------+-------------+----------------+
; COMPILER_SIGNATURE_ID               ; 141568271718711.146339875005575                                          ; --            ; --          ; --             ;
; EDA_GENERATE_FUNCTIONAL_NETLIST     ; On                                                                       ; --            ; --          ; eda_simulation ;
; EDA_NETLIST_WRITER_OUTPUT_DIR       ; C:/Users/PC/Desktop/LAB_AOC/pc_2/banco_de_registradores/simulation/qsim/ ; --            ; --          ; eda_simulation ;
; EDA_OUTPUT_DATA_FORMAT              ; Verilog Hdl                                                              ; --            ; --          ; eda_simulation ;
; EDA_SIMULATION_TOOL                 ; ModelSim-Altera (Verilog)                                                ; <None>        ; --          ; --             ;
; PARTITION_COLOR                     ; 16764057                                                                 ; --            ; --          ; Top            ;
; PARTITION_FITTER_PRESERVATION_LEVEL ; PLACEMENT_AND_ROUTING                                                    ; --            ; --          ; Top            ;
; PARTITION_NETLIST_TYPE              ; SOURCE                                                                   ; --            ; --          ; Top            ;
; PROJECT_OUTPUT_DIRECTORY            ; output_files                                                             ; --            ; --          ; --             ;
+-------------------------------------+--------------------------------------------------------------------------+---------------+-------------+----------------+


+-------------------------------------------------------------------------------------------------------------------------------+
; Flow Elapsed Time                                                                                                             ;
+---------------------------+--------------+-------------------------+---------------------+------------------------------------+
; Module Name               ; Elapsed Time ; Average Processors Used ; Peak Virtual Memory ; Total CPU Time (on all processors) ;
+---------------------------+--------------+-------------------------+---------------------+------------------------------------+
; Analysis & Synthesis      ; 00:00:03     ; 1.0                     ; 423 MB              ; 00:00:02                           ;
; Fitter                    ; 00:00:14     ; 1.9                     ; 685 MB              ; 00:00:15                           ;
; Assembler                 ; 00:00:01     ; 1.0                     ; 361 MB              ; 00:00:01                           ;
; TimeQuest Timing Analyzer ; 00:00:03     ; 1.0                     ; 462 MB              ; 00:00:04                           ;
; EDA Netlist Writer        ; 00:00:01     ; 1.0                     ; 343 MB              ; 00:00:01                           ;
; EDA Netlist Writer        ; 00:00:01     ; 1.0                     ; 349 MB              ; 00:00:01                           ;
; EDA Netlist Writer        ; 00:00:01     ; 1.0                     ; 349 MB              ; 00:00:01                           ;
; EDA Netlist Writer        ; 00:00:00     ; 1.0                     ; 355 MB              ; 00:00:01                           ;
; EDA Netlist Writer        ; 00:00:01     ; 1.0                     ; 355 MB              ; 00:00:01                           ;
; EDA Netlist Writer        ; 00:00:01     ; 1.0                     ; 349 MB              ; 00:00:01                           ;
; EDA Netlist Writer        ; 00:00:01     ; 1.0                     ; 349 MB              ; 00:00:01                           ;
; EDA Netlist Writer        ; 00:00:01     ; 1.0                     ; 349 MB              ; 00:00:01                           ;
; EDA Netlist Writer        ; 00:00:01     ; 1.0                     ; 349 MB              ; 00:00:01                           ;
; Total                     ; 00:00:29     ; --                      ; --                  ; 00:00:31                           ;
+---------------------------+--------------+-------------------------+---------------------+------------------------------------+


+---------------------------------------------------------------------------------------------+
; Flow OS Summary                                                                             ;
+---------------------------+------------------+----------------+------------+----------------+
; Module Name               ; Machine Hostname ; OS Name        ; OS Version ; Processor type ;
+---------------------------+------------------+----------------+------------+----------------+
; Analysis & Synthesis      ; D132609          ; Ubuntu 14.04.2 ; 14         ; x86_64         ;
; Fitter                    ; D132609          ; Ubuntu 14.04.2 ; 14         ; x86_64         ;
; Assembler                 ; D132609          ; Ubuntu 14.04.2 ; 14         ; x86_64         ;
; TimeQuest Timing Analyzer ; D132609          ; Ubuntu 14.04.2 ; 14         ; x86_64         ;
; EDA Netlist Writer        ; D132609          ; Ubuntu 14.04.2 ; 14         ; x86_64         ;
; EDA Netlist Writer        ; D132609          ; Ubuntu 14.04.2 ; 14         ; x86_64         ;
; EDA Netlist Writer        ; D132609          ; Ubuntu 14.04.2 ; 14         ; x86_64         ;
; EDA Netlist Writer        ; D132609          ; Ubuntu 14.04.2 ; 14         ; x86_64         ;
; EDA Netlist Writer        ; D132609          ; Ubuntu 14.04.2 ; 14         ; x86_64         ;
; EDA Netlist Writer        ; D132609          ; Ubuntu 14.04.2 ; 14         ; x86_64         ;
; EDA Netlist Writer        ; D132609          ; Ubuntu 14.04.2 ; 14         ; x86_64         ;
; EDA Netlist Writer        ; D132609          ; Ubuntu 14.04.2 ; 14         ; x86_64         ;
; EDA Netlist Writer        ; D132609          ; Ubuntu 14.04.2 ; 14         ; x86_64         ;
+---------------------------+------------------+----------------+------------+----------------+


------------
; Flow Log ;
------------
quartus_map --read_settings_files=on --write_settings_files=off banco_de_registradores -c banco_de_registradores
quartus_fit --read_settings_files=off --write_settings_files=off banco_de_registradores -c banco_de_registradores
quartus_asm --read_settings_files=off --write_settings_files=off banco_de_registradores -c banco_de_registradores
quartus_sta banco_de_registradores -c banco_de_registradores
quartus_eda --read_settings_files=off --write_settings_files=off banco_de_registradores -c banco_de_registradores
quartus_eda --gen_testbench --check_outputs=on --tool=modelsim_oem --format=verilog banco_de_registradores -c banco_de_registradores --vector_source=/home-local/aluno/iZero/pc_2/banco_de_registradores/Waveform.vwf --testbench_file=/home-local/aluno/iZero/pc_2/banco_de_registradores/simulation/qsim/Waveform.vwf.vt
quartus_eda --functional=on --flatten_buses=off --simulation=on --tool=modelsim_oem --format=verilog --output_directory=/home-local/aluno/iZero/pc_2/banco_de_registradores/simulation/qsim/ banco_de_registradores -c banco_de_registradores
quartus_eda --gen_testbench --check_outputs=on --tool=modelsim_oem --format=verilog banco_de_registradores -c banco_de_registradores --vector_source=/home-local/aluno/iZero/pc_2/banco_de_registradores/Waveform.vwf --testbench_file=/home-local/aluno/iZero/pc_2/banco_de_registradores/simulation/qsim/Waveform.vwf.vt
quartus_eda --functional=on --flatten_buses=off --simulation=on --tool=modelsim_oem --format=verilog --output_directory=/home-local/aluno/iZero/pc_2/banco_de_registradores/simulation/qsim/ banco_de_registradores -c banco_de_registradores
quartus_eda --gen_testbench --check_outputs=on --tool=modelsim_oem --format=verilog banco_de_registradores -c banco_de_registradores --vector_source=/home-local/aluno/iZero/pc_2/banco_de_registradores/Waveform.vwf --testbench_file=/home-local/aluno/iZero/pc_2/banco_de_registradores/simulation/qsim/Waveform.vwf.vt
quartus_eda --functional=on --flatten_buses=off --simulation=on --tool=modelsim_oem --format=verilog --output_directory=/home-local/aluno/iZero/pc_2/banco_de_registradores/simulation/qsim/ banco_de_registradores -c banco_de_registradores
quartus_eda --gen_testbench --check_outputs=on --tool=modelsim_oem --format=verilog banco_de_registradores -c banco_de_registradores --vector_source=/home-local/aluno/iZero/pc_2/banco_de_registradores/Waveform.vwf --testbench_file=/home-local/aluno/iZero/pc_2/banco_de_registradores/simulation/qsim/Waveform.vwf.vt
quartus_eda --functional=on --flatten_buses=off --simulation=on --tool=modelsim_oem --format=verilog --output_directory=/home-local/aluno/iZero/pc_2/banco_de_registradores/simulation/qsim/ banco_de_registradores -c banco_de_registradores



