Flow report for entrada_de_dados
Sun May 08 19:24:35 2016
Quartus II 64-Bit Version 13.1.0 Build 162 10/23/2013 SJ Web Edition


---------------------
; Table of Contents ;
---------------------
  1. Legal Notice
  2. Flow Summary
  3. Flow Settings
  4. Flow Non-Default Global Settings
  5. Flow Elapsed Time
  6. Flow OS Summary
  7. Flow Log
  8. Flow Messages
  9. Flow Suppressed Messages



----------------
; Legal Notice ;
----------------
Copyright (C) 1991-2013 Altera Corporation
Your use of Altera Corporation's design tools, logic functions 
and other software and tools, and its AMPP partner logic 
functions, and any output files from any of the foregoing 
(including device programming or simulation files), and any 
associated documentation or information are expressly subject 
to the terms and conditions of the Altera Program License 
Subscription Agreement, Altera MegaCore Function License 
Agreement, or other applicable license agreement, including, 
without limitation, that your use is for the sole purpose of 
programming logic devices manufactured by Altera and sold by 
Altera or its authorized distributors.  Please refer to the 
applicable agreement for further details.



+---------------------------------------------------------------------------------+
; Flow Summary                                                                    ;
+------------------------------------+--------------------------------------------+
; Flow Status                        ; Successful - Sun May 08 19:24:35 2016      ;
; Quartus II 64-Bit Version          ; 13.1.0 Build 162 10/23/2013 SJ Web Edition ;
; Revision Name                      ; entrada_de_dados                           ;
; Top-level Entity Name              ; entrada_de_dados                           ;
; Family                             ; Cyclone IV E                               ;
; Total logic elements               ; 9 / 6,272 ( < 1 % )                        ;
;     Total combinational functions  ; 9 / 6,272 ( < 1 % )                        ;
;     Dedicated logic registers      ; 1 / 6,272 ( < 1 % )                        ;
; Total registers                    ; 1                                          ;
; Total pins                         ; 42 / 92 ( 46 % )                           ;
; Total virtual pins                 ; 0                                          ;
; Total memory bits                  ; 0 / 276,480 ( 0 % )                        ;
; Embedded Multiplier 9-bit elements ; 0 / 30 ( 0 % )                             ;
; Total PLLs                         ; 0 / 2 ( 0 % )                              ;
; Device                             ; EP4CE6E22C6                                ;
; Timing Models                      ; Final                                      ;
+------------------------------------+--------------------------------------------+


+-----------------------------------------+
; Flow Settings                           ;
+-------------------+---------------------+
; Option            ; Setting             ;
+-------------------+---------------------+
; Start date & time ; 05/08/2016 19:16:56 ;
; Main task         ; Compilation         ;
; Revision Name     ; entrada_de_dados    ;
+-------------------+---------------------+


+---------------------------------------------------------------------------------------------------------------------+
; Flow Non-Default Global Settings                                                                                    ;
+-------------------------------------+--------------------------------+---------------+-------------+----------------+
; Assignment Name                     ; Value                          ; Default Value ; Entity Name ; Section Id     ;
+-------------------------------------+--------------------------------+---------------+-------------+----------------+
; COMPILER_SIGNATURE_ID               ; 18111119295781.146274581601780 ; --            ; --          ; --             ;
; EDA_OUTPUT_DATA_FORMAT              ; Vhdl                           ; --            ; --          ; eda_simulation ;
; EDA_SIMULATION_TOOL                 ; ModelSim-Altera (VHDL)         ; <None>        ; --          ; --             ;
; PARTITION_COLOR                     ; 16764057                       ; --            ; --          ; Top            ;
; PARTITION_FITTER_PRESERVATION_LEVEL ; PLACEMENT_AND_ROUTING          ; --            ; --          ; Top            ;
; PARTITION_NETLIST_TYPE              ; SOURCE                         ; --            ; --          ; Top            ;
; PROJECT_OUTPUT_DIRECTORY            ; output_files                   ; --            ; --          ; --             ;
+-------------------------------------+--------------------------------+---------------+-------------+----------------+


+-------------------------------------------------------------------------------------------------------------------------------+
; Flow Elapsed Time                                                                                                             ;
+---------------------------+--------------+-------------------------+---------------------+------------------------------------+
; Module Name               ; Elapsed Time ; Average Processors Used ; Peak Virtual Memory ; Total CPU Time (on all processors) ;
+---------------------------+--------------+-------------------------+---------------------+------------------------------------+
; Analysis & Synthesis      ; 00:00:01     ; 1.0                     ; 459 MB              ; 00:00:01                           ;
; Fitter                    ; 00:00:06     ; 1.0                     ; 727 MB              ; 00:00:06                           ;
; Assembler                 ; 00:00:02     ; 1.0                     ; 430 MB              ; 00:00:01                           ;
; TimeQuest Timing Analyzer ; 00:00:02     ; 1.0                     ; 486 MB              ; 00:00:02                           ;
; EDA Netlist Writer        ; 00:00:00     ; 1.0                     ; 400 MB              ; 00:00:01                           ;
; EDA Netlist Writer        ; 00:00:01     ; 1.0                     ; 402 MB              ; 00:00:01                           ;
; EDA Netlist Writer        ; 00:00:01     ; 1.0                     ; 402 MB              ; 00:00:01                           ;
; EDA Netlist Writer        ; 00:00:01     ; 1.0                     ; 402 MB              ; 00:00:01                           ;
; EDA Netlist Writer        ; 00:00:00     ; 1.0                     ; 402 MB              ; 00:00:01                           ;
; EDA Netlist Writer        ; 00:00:01     ; 1.0                     ; 402 MB              ; 00:00:01                           ;
; EDA Netlist Writer        ; 00:00:00     ; 1.0                     ; 402 MB              ; 00:00:01                           ;
; EDA Netlist Writer        ; 00:00:00     ; 1.0                     ; 402 MB              ; 00:00:01                           ;
; EDA Netlist Writer        ; 00:00:01     ; 1.0                     ; 402 MB              ; 00:00:01                           ;
; EDA Netlist Writer        ; 00:00:01     ; 1.0                     ; 402 MB              ; 00:00:01                           ;
; EDA Netlist Writer        ; 00:00:00     ; 1.0                     ; 402 MB              ; 00:00:01                           ;
; Total                     ; 00:00:17     ; --                      ; --                  ; 00:00:21                           ;
+---------------------------+--------------+-------------------------+---------------------+------------------------------------+


+----------------------------------------------------------------------------------------+
; Flow OS Summary                                                                        ;
+---------------------------+------------------+-----------+------------+----------------+
; Module Name               ; Machine Hostname ; OS Name   ; OS Version ; Processor type ;
+---------------------------+------------------+-----------+------------+----------------+
; Analysis & Synthesis      ; PC-PC            ; Windows 7 ; 6.1        ; x86_64         ;
; Fitter                    ; PC-PC            ; Windows 7 ; 6.1        ; x86_64         ;
; Assembler                 ; PC-PC            ; Windows 7 ; 6.1        ; x86_64         ;
; TimeQuest Timing Analyzer ; PC-PC            ; Windows 7 ; 6.1        ; x86_64         ;
; EDA Netlist Writer        ; PC-PC            ; Windows 7 ; 6.1        ; x86_64         ;
; EDA Netlist Writer        ; PC-PC            ; Windows 7 ; 6.1        ; x86_64         ;
; EDA Netlist Writer        ; PC-PC            ; Windows 7 ; 6.1        ; x86_64         ;
; EDA Netlist Writer        ; PC-PC            ; Windows 7 ; 6.1        ; x86_64         ;
; EDA Netlist Writer        ; PC-PC            ; Windows 7 ; 6.1        ; x86_64         ;
; EDA Netlist Writer        ; PC-PC            ; Windows 7 ; 6.1        ; x86_64         ;
; EDA Netlist Writer        ; PC-PC            ; Windows 7 ; 6.1        ; x86_64         ;
; EDA Netlist Writer        ; PC-PC            ; Windows 7 ; 6.1        ; x86_64         ;
; EDA Netlist Writer        ; PC-PC            ; Windows 7 ; 6.1        ; x86_64         ;
; EDA Netlist Writer        ; PC-PC            ; Windows 7 ; 6.1        ; x86_64         ;
; EDA Netlist Writer        ; PC-PC            ; Windows 7 ; 6.1        ; x86_64         ;
+---------------------------+------------------+-----------+------------+----------------+


------------
; Flow Log ;
------------
quartus_map --read_settings_files=on --write_settings_files=off entrada_de_dados -c entrada_de_dados
quartus_fit --read_settings_files=off --write_settings_files=off entrada_de_dados -c entrada_de_dados
quartus_asm --read_settings_files=off --write_settings_files=off entrada_de_dados -c entrada_de_dados
quartus_sta entrada_de_dados -c entrada_de_dados
quartus_eda --read_settings_files=off --write_settings_files=off entrada_de_dados -c entrada_de_dados
quartus_eda --gen_testbench --check_outputs=on --tool=modelsim_oem --format=verilog entrada_de_dados -c entrada_de_dados --vector_source=C:/Users/PC/Desktop/LAB_AOC/pc_2/entrada_de_dados/Waveform.vwf --testbench_file=C:/Users/PC/Desktop/LAB_AOC/pc_2/entrada_de_dados/simulation/qsim/Waveform.vwf.vt
quartus_eda --functional=on --flatten_buses=off --simulation=on --tool=modelsim_oem --format=verilog --output_directory=C:/Users/PC/Desktop/LAB_AOC/pc_2/entrada_de_dados/simulation/qsim/ entrada_de_dados -c entrada_de_dados
quartus_eda --gen_testbench --check_outputs=on --tool=modelsim_oem --format=verilog entrada_de_dados -c entrada_de_dados --vector_source=C:/Users/PC/Desktop/LAB_AOC/pc_2/entrada_de_dados/Waveform.vwf --testbench_file=C:/Users/PC/Desktop/LAB_AOC/pc_2/entrada_de_dados/simulation/qsim/Waveform.vwf.vt
quartus_eda --functional=on --flatten_buses=off --simulation=on --tool=modelsim_oem --format=verilog --output_directory=C:/Users/PC/Desktop/LAB_AOC/pc_2/entrada_de_dados/simulation/qsim/ entrada_de_dados -c entrada_de_dados
quartus_eda --gen_testbench --check_outputs=on --tool=modelsim_oem --format=verilog entrada_de_dados -c entrada_de_dados --vector_source=C:/Users/PC/Desktop/LAB_AOC/pc_2/entrada_de_dados/Waveform.vwf --testbench_file=C:/Users/PC/Desktop/LAB_AOC/pc_2/entrada_de_dados/simulation/qsim/Waveform.vwf.vt
quartus_eda --functional=on --flatten_buses=off --simulation=on --tool=modelsim_oem --format=verilog --output_directory=C:/Users/PC/Desktop/LAB_AOC/pc_2/entrada_de_dados/simulation/qsim/ entrada_de_dados -c entrada_de_dados
quartus_eda --gen_testbench --check_outputs=on --tool=modelsim_oem --format=verilog entrada_de_dados -c entrada_de_dados --vector_source=C:/Users/PC/Desktop/LAB_AOC/pc_2/entrada_de_dados/Waveform.vwf --testbench_file=C:/Users/PC/Desktop/LAB_AOC/pc_2/entrada_de_dados/simulation/qsim/Waveform.vwf.vt
quartus_eda --functional=on --flatten_buses=off --simulation=on --tool=modelsim_oem --format=verilog --output_directory=C:/Users/PC/Desktop/LAB_AOC/pc_2/entrada_de_dados/simulation/qsim/ entrada_de_dados -c entrada_de_dados
quartus_eda --gen_testbench --check_outputs=on --tool=modelsim_oem --format=verilog entrada_de_dados -c entrada_de_dados --vector_source=C:/Users/PC/Desktop/LAB_AOC/pc_2/entrada_de_dados/Waveform.vwf --testbench_file=C:/Users/PC/Desktop/LAB_AOC/pc_2/entrada_de_dados/simulation/qsim/Waveform.vwf.vt
quartus_eda --functional=on --flatten_buses=off --simulation=on --tool=modelsim_oem --format=verilog --output_directory=C:/Users/PC/Desktop/LAB_AOC/pc_2/entrada_de_dados/simulation/qsim/ entrada_de_dados -c entrada_de_dados



